  [1m[35m (0.1ms)[0m  [1m[34mSELECT sqlite_version(*)[0m
  â†³ bin/rails:9
  [1m[35m (20.9ms)[0m  [1m[35mCREATE TABLE "schema_migrations" ("version" varchar NOT NULL PRIMARY KEY)[0m
  â†³ bin/rails:9
  [1m[35m (6.2ms)[0m  [1m[35mCREATE TABLE "ar_internal_metadata" ("key" varchar NOT NULL PRIMARY KEY, "value" varchar, "created_at" datetime NOT NULL, "updated_at" datetime NOT NULL)[0m
  â†³ bin/rails:9
  [1m[35m (0.1ms)[0m  [1m[34mSELECT "schema_migrations"."version" FROM "schema_migrations" ORDER BY "schema_migrations"."version" ASC[0m
  â†³ bin/rails:9
Migrating to DeviseCreateUsers (20210704235749)
  [1m[35m (0.0ms)[0m  [1m[36mbegin transaction[0m
  â†³ bin/rails:9
  [1m[35m (1.0ms)[0m  [1m[35mCREATE TABLE "users" ("id" integer PRIMARY KEY AUTOINCREMENT NOT NULL, "email" varchar DEFAULT '' NOT NULL, "encrypted_password" varchar DEFAULT '' NOT NULL, "reset_password_token" varchar, "reset_password_sent_at" datetime, "remember_created_at" datetime, "name" varchar, "created_at" datetime NOT NULL, "updated_at" datetime NOT NULL)[0m
  â†³ db/migrate/20210704235749_devise_create_users.rb:5
  [1m[35m (0.2ms)[0m  [1m[35mCREATE UNIQUE INDEX "index_users_on_email" ON "users" ("email")[0m
  â†³ db/migrate/20210704235749_devise_create_users.rb:41
  [1m[35m (0.2ms)[0m  [1m[35mCREATE UNIQUE INDEX "index_users_on_reset_password_token" ON "users" ("reset_password_token")[0m
  â†³ db/migrate/20210704235749_devise_create_users.rb:42
  [1m[36mActiveRecord::SchemaMigration Create (0.1ms)[0m  [1m[32mINSERT INTO "schema_migrations" ("version") VALUES (?)[0m  [["version", "20210704235749"]]
  â†³ bin/rails:9
  [1m[35m (7.4ms)[0m  [1m[36mcommit transaction[0m
  â†³ bin/rails:9
Migrating to AddIntroductionToUsers (20210705001203)
  [1m[35m (0.0ms)[0m  [1m[36mbegin transaction[0m
  â†³ bin/rails:9
  [1m[35m (0.3ms)[0m  [1m[35mALTER TABLE "users" ADD "introduction" text[0m
  â†³ db/migrate/20210705001203_add_introduction_to_users.rb:3
  [1m[36mActiveRecord::SchemaMigration Create (0.1ms)[0m  [1m[32mINSERT INTO "schema_migrations" ("version") VALUES (?)[0m  [["version", "20210705001203"]]
  â†³ bin/rails:9
  [1m[35m (7.5ms)[0m  [1m[36mcommit transaction[0m
  â†³ bin/rails:9
Migrating to AddProfileImageIdToUsers (20210705001256)
  [1m[35m (0.0ms)[0m  [1m[36mbegin transaction[0m
  â†³ bin/rails:9
  [1m[35m (0.3ms)[0m  [1m[35mALTER TABLE "users" ADD "profile_image_id" varchar[0m
  â†³ db/migrate/20210705001256_add_profile_image_id_to_users.rb:3
  [1m[36mActiveRecord::SchemaMigration Create (0.1ms)[0m  [1m[32mINSERT INTO "schema_migrations" ("version") VALUES (?)[0m  [["version", "20210705001256"]]
  â†³ bin/rails:9
  [1m[35m (6.0ms)[0m  [1m[36mcommit transaction[0m
  â†³ bin/rails:9
Migrating to CreateBooks (20210705002832)
  [1m[35m (0.0ms)[0m  [1m[36mbegin transaction[0m
  â†³ bin/rails:9
  [1m[35m (0.2ms)[0m  [1m[35mCREATE TABLE "books" ("id" integer PRIMARY KEY AUTOINCREMENT NOT NULL, "title" text, "body" text, "user_id" integer, "created_at" datetime NOT NULL, "updated_at" datetime NOT NULL)[0m
  â†³ db/migrate/20210705002832_create_books.rb:3
  [1m[36mActiveRecord::SchemaMigration Create (0.1ms)[0m  [1m[32mINSERT INTO "schema_migrations" ("version") VALUES (?)[0m  [["version", "20210705002832"]]
  â†³ bin/rails:9
  [1m[35m (6.4ms)[0m  [1m[36mcommit transaction[0m
  â†³ bin/rails:9
Migrating to CreateFavorites (20210723233859)
  [1m[35m (0.0ms)[0m  [1m[36mbegin transaction[0m
  â†³ bin/rails:9
  [1m[35m (0.2ms)[0m  [1m[35mCREATE TABLE "favorites" ("id" integer PRIMARY KEY AUTOINCREMENT NOT NULL, "user_id" integer, "book_id" integer, "created_at" datetime NOT NULL, "updated_at" datetime NOT NULL)[0m
  â†³ db/migrate/20210723233859_create_favorites.rb:3
  [1m[36mActiveRecord::SchemaMigration Create (0.1ms)[0m  [1m[32mINSERT INTO "schema_migrations" ("version") VALUES (?)[0m  [["version", "20210723233859"]]
  â†³ bin/rails:9
  [1m[35m (5.2ms)[0m  [1m[36mcommit transaction[0m
  â†³ bin/rails:9
Migrating to CreateComments (20210724025403)
  [1m[35m (0.0ms)[0m  [1m[36mbegin transaction[0m
  â†³ bin/rails:9
  [1m[35m (0.3ms)[0m  [1m[35mCREATE TABLE "comments" ("id" integer PRIMARY KEY AUTOINCREMENT NOT NULL, "comment" text, "user_id" integer, "book_id" integer, "created_at" datetime NOT NULL, "updated_at" datetime NOT NULL)[0m
  â†³ db/migrate/20210724025403_create_comments.rb:3
  [1m[36mActiveRecord::SchemaMigration Create (0.1ms)[0m  [1m[32mINSERT INTO "schema_migrations" ("version") VALUES (?)[0m  [["version", "20210724025403"]]
  â†³ bin/rails:9
  [1m[35m (4.6ms)[0m  [1m[36mcommit transaction[0m
  â†³ bin/rails:9
Migrating to CreateRelationships (20210726020538)
  [1m[35m (0.0ms)[0m  [1m[36mbegin transaction[0m
  â†³ bin/rails:9
  [1m[35m (0.2ms)[0m  [1m[35mCREATE TABLE "relationships" ("id" integer PRIMARY KEY AUTOINCREMENT NOT NULL, "follower_id" integer, "followed_id" integer, "created_at" datetime NOT NULL, "updated_at" datetime NOT NULL)[0m
  â†³ db/migrate/20210726020538_create_relationships.rb:3
  [1m[36mActiveRecord::SchemaMigration Create (0.1ms)[0m  [1m[32mINSERT INTO "schema_migrations" ("version") VALUES (?)[0m  [["version", "20210726020538"]]
  â†³ bin/rails:9
  [1m[35m (5.8ms)[0m  [1m[36mcommit transaction[0m
  â†³ bin/rails:9
  [1m[36mActiveRecord::InternalMetadata Load (0.1ms)[0m  [1m[34mSELECT  "ar_internal_metadata".* FROM "ar_internal_metadata" WHERE "ar_internal_metadata"."key" = ? LIMIT ?[0m  [["key", "environment"], ["LIMIT", 1]]
  â†³ bin/rails:9
  [1m[35m (0.0ms)[0m  [1m[36mbegin transaction[0m
  â†³ bin/rails:9
  [1m[36mActiveRecord::InternalMetadata Create (9.2ms)[0m  [1m[32mINSERT INTO "ar_internal_metadata" ("key", "value", "created_at", "updated_at") VALUES (?, ?, ?, ?)[0m  [["key", "environment"], ["value", "development"], ["created_at", "2021-08-01 09:26:37.885543"], ["updated_at", "2021-08-01 09:26:37.885543"]]
  â†³ bin/rails:9
  [1m[35m (6.3ms)[0m  [1m[36mcommit transaction[0m
  â†³ bin/rails:9
  [1m[35m (0.1ms)[0m  [1m[34mSELECT "schema_migrations"."version" FROM "schema_migrations" ORDER BY "schema_migrations"."version" ASC[0m
  â†³ bin/rails:9
Started GET "/" for 118.106.138.63 at 2021-08-01 09:26:46 +0000
Cannot render console from 118.106.138.63! Allowed networks: 127.0.0.1, ::1, 127.0.0.0/127.255.255.255
  [1m[35m (0.1ms)[0m  [1m[34mSELECT "schema_migrations"."version" FROM "schema_migrations" ORDER BY "schema_migrations"."version" ASC[0m
  â†³ /home/ec2-user/.rvm/gems/ruby-2.6.3/gems/activerecord-5.2.6/lib/active_record/log_subscriber.rb:98
Processing by HomesController#top as HTML
  Rendering homes/top.html.erb within layouts/application
  Rendered homes/top.html.erb within layouts/application (2.0ms)
Started GET "/" for 118.106.138.63 at 2021-08-01 09:26:47 +0000
Cannot render console from 118.106.138.63! Allowed networks: 127.0.0.1, ::1, 127.0.0.0/127.255.255.255
Processing by HomesController#top as HTML
  Rendering homes/top.html.erb within layouts/application
  Rendered homes/top.html.erb within layouts/application (0.5ms)
Completed 200 OK in 14871ms (Views: 14852.3ms | ActiveRecord: 0.0ms)


Completed 200 OK in 13856ms (Views: 13854.4ms | ActiveRecord: 0.0ms)


Started GET "/users/sign_up" for 118.106.138.63 at 2021-08-01 09:27:05 +0000
Cannot render console from 118.106.138.63! Allowed networks: 127.0.0.1, ::1, 127.0.0.0/127.255.255.255
Processing by Devise::RegistrationsController#new as HTML
  Rendering devise/registrations/new.html.erb within layouts/application
  Rendered devise/shared/_error_messages.html.erb (0.4ms)
  Rendered devise/shared/_links.html.erb (3.5ms)
  Rendered devise/registrations/new.html.erb within layouts/application (62.5ms)
Completed 200 OK in 196ms (Views: 181.2ms | ActiveRecord: 0.7ms)


Started POST "/users" for 118.106.138.63 at 2021-08-01 09:27:21 +0000
Cannot render console from 118.106.138.63! Allowed networks: 127.0.0.1, ::1, 127.0.0.0/127.255.255.255
Processing by Devise::RegistrationsController#create as HTML
  Parameters: {"utf8"=>"âœ“", "authenticity_token"=>"7qTThlDCvUbHKm4UDxkpRBN3E4BssmgDikVpCGZn1yD5sAk9x5nE8qrDfhU6vDTwWLOIqvuE2QUzd2wzxZ67/w==", "user"=>{"name"=>"kokoko", "email"=>"koko@koko", "password"=>"[FILTERED]", "password_confirmation"=>"[FILTERED]"}, "commit"=>"Sign up"}
  [1m[35m (0.1ms)[0m  [1m[36mbegin transaction[0m
  â†³ /home/ec2-user/.rvm/gems/ruby-2.6.3/gems/activerecord-5.2.6/lib/active_record/log_subscriber.rb:98
  [1m[36mUser Exists (0.2ms)[0m  [1m[34mSELECT  1 AS one FROM "users" WHERE "users"."email" = ? LIMIT ?[0m  [["email", "koko@koko"], ["LIMIT", 1]]
  â†³ /home/ec2-user/.rvm/gems/ruby-2.6.3/gems/activerecord-5.2.6/lib/active_record/log_subscriber.rb:98
  [1m[36mUser Exists (0.1ms)[0m  [1m[34mSELECT  1 AS one FROM "users" WHERE "users"."name" = ? LIMIT ?[0m  [["name", "kokoko"], ["LIMIT", 1]]
  â†³ /home/ec2-user/.rvm/gems/ruby-2.6.3/gems/activerecord-5.2.6/lib/active_record/log_subscriber.rb:98
  [1m[36mUser Create (1.6ms)[0m  [1m[32mINSERT INTO "users" ("email", "encrypted_password", "name", "created_at", "updated_at") VALUES (?, ?, ?, ?, ?)[0m  [["email", "koko@koko"], ["encrypted_password", "$2a$12$pZP0agbGAPD27m.C9K5MI..k2VioYfkwbeogQRvobdYyzXJ0M5cga"], ["name", "kokoko"], ["created_at", "2021-08-01 09:27:22.291202"], ["updated_at", "2021-08-01 09:27:22.291202"]]
  â†³ /home/ec2-user/.rvm/gems/ruby-2.6.3/gems/activerecord-5.2.6/lib/active_record/log_subscriber.rb:98
  [1m[35m (5.4ms)[0m  [1m[36mcommit transaction[0m
  â†³ /home/ec2-user/.rvm/gems/ruby-2.6.3/gems/activerecord-5.2.6/lib/active_record/log_subscriber.rb:98
Redirected to https://c72a415c1427481397990dea033441ed.vfs.cloud9.us-east-1.amazonaws.com/users/1
Completed 302 Found in 355ms (ActiveRecord: 7.4ms)


Started GET "/users/1" for 118.106.138.63 at 2021-08-01 09:27:22 +0000
Cannot render console from 118.106.138.63! Allowed networks: 127.0.0.1, ::1, 127.0.0.0/127.255.255.255
Processing by UsersController#show as HTML
  Parameters: {"id"=>"1"}
  [1m[36mUser Load (0.2ms)[0m  [1m[34mSELECT  "users".* FROM "users" WHERE "users"."id" = ? ORDER BY "users"."id" ASC LIMIT ?[0m  [["id", 1], ["LIMIT", 1]]
  â†³ /home/ec2-user/.rvm/gems/ruby-2.6.3/gems/activerecord-5.2.6/lib/active_record/log_subscriber.rb:98
  [1m[36mUser Load (0.2ms)[0m  [1m[34mSELECT  "users".* FROM "users" WHERE "users"."id" = ? LIMIT ?[0m  [["id", 1], ["LIMIT", 1]]
  â†³ app/controllers/users_controller.rb:18
  Rendering users/show.html.erb within layouts/application
  [1m[35m (0.2ms)[0m  [1m[34mSELECT COUNT(*) FROM "users" INNER JOIN "relationships" ON "users"."id" = "relationships"."followed_id" WHERE "relationships"."follower_id" = ?[0m  [["follower_id", 1]]
  â†³ app/views/users/show.html.erb:18
  [1m[35m (0.1ms)[0m  [1m[34mSELECT COUNT(*) FROM "users" INNER JOIN "relationships" ON "users"."id" = "relationships"."follower_id" WHERE "relationships"."followed_id" = ?[0m  [["followed_id", 1]]
  â†³ app/views/users/show.html.erb:22
  [1m[36mBook Load (0.1ms)[0m  [1m[34mSELECT "books".* FROM "books" WHERE "books"."user_id" = ? ORDER BY "books"."created_at" ASC[0m  [["user_id", 1]]
  â†³ app/views/users/show.html.erb:58
  Rendered users/show.html.erb within layouts/application (34.7ms)
Completed 200 OK in 212ms (Views: 161.7ms | ActiveRecord: 1.3ms)


Started GET "/books" for 118.106.138.63 at 2021-08-01 09:27:25 +0000
Cannot render console from 118.106.138.63! Allowed networks: 127.0.0.1, ::1, 127.0.0.0/127.255.255.255
Processing by BooksController#index as HTML
  [1m[36mUser Load (0.1ms)[0m  [1m[34mSELECT  "users".* FROM "users" WHERE "users"."id" = ? ORDER BY "users"."id" ASC LIMIT ?[0m  [["id", 1], ["LIMIT", 1]]
  â†³ /home/ec2-user/.rvm/gems/ruby-2.6.3/gems/activerecord-5.2.6/lib/active_record/log_subscriber.rb:98
  Rendering books/index.html.erb within layouts/application
  Rendered books/_list.html.erb (3.0ms)
  [1m[36mBook Load (0.1ms)[0m  [1m[34mSELECT "books".* FROM "books"[0m
  â†³ app/views/books/index.html.erb:33
  Rendered books/index.html.erb within layouts/application (8.5ms)
Completed 200 OK in 99ms (Views: 93.2ms | ActiveRecord: 0.3ms)


Started POST "/books" for 118.106.138.63 at 2021-08-01 09:27:37 +0000
Cannot render console from 118.106.138.63! Allowed networks: 127.0.0.1, ::1, 127.0.0.0/127.255.255.255
Processing by BooksController#create as HTML
  Parameters: {"utf8"=>"âœ“", "authenticity_token"=>"9CyeSR+d4H0OGMZR8chMnT4Xi7iLcYlIFekkX7pKBSZlaLhc/+j1jkJa19mnZCFxhhEbXMQGWc4fBfxB0TLNFg==", "book"=>{"title"=>"ã“ã‚“ã«ã¡ã¯", "body"=>"kokokoã§ã™"}, "commit"=>"Create Book"}
  [1m[36mUser Load (0.1ms)[0m  [1m[34mSELECT  "users".* FROM "users" WHERE "users"."id" = ? ORDER BY "users"."id" ASC LIMIT ?[0m  [["id", 1], ["LIMIT", 1]]
  â†³ /home/ec2-user/.rvm/gems/ruby-2.6.3/gems/activerecord-5.2.6/lib/active_record/log_subscriber.rb:98
  [1m[35m (0.1ms)[0m  [1m[36mbegin transaction[0m
  â†³ app/controllers/books_controller.rb:40
  [1m[36mUser Load (0.1ms)[0m  [1m[34mSELECT  "users".* FROM "users" WHERE "users"."id" = ? LIMIT ?[0m  [["id", 1], ["LIMIT", 1]]
  â†³ app/controllers/books_controller.rb:40
  [1m[36mBook Create (1.4ms)[0m  [1m[32mINSERT INTO "books" ("title", "body", "user_id", "created_at", "updated_at") VALUES (?, ?, ?, ?, ?)[0m  [["title", "ã“ã‚“ã«ã¡ã¯"], ["body", "kokokoã§ã™"], ["user_id", 1], ["created_at", "2021-08-01 09:27:37.163016"], ["updated_at", "2021-08-01 09:27:37.163016"]]
  â†³ app/controllers/books_controller.rb:40
  [1m[35m (5.6ms)[0m  [1m[36mcommit transaction[0m
  â†³ app/controllers/books_controller.rb:40
Redirected to https://c72a415c1427481397990dea033441ed.vfs.cloud9.us-east-1.amazonaws.com/books/1
Completed 302 Found in 24ms (ActiveRecord: 7.2ms)


Started GET "/books/1" for 118.106.138.63 at 2021-08-01 09:27:37 +0000
Cannot render console from 118.106.138.63! Allowed networks: 127.0.0.1, ::1, 127.0.0.0/127.255.255.255
Processing by BooksController#show as HTML
  Parameters: {"id"=>"1"}
  [1m[36mUser Load (0.1ms)[0m  [1m[34mSELECT  "users".* FROM "users" WHERE "users"."id" = ? ORDER BY "users"."id" ASC LIMIT ?[0m  [["id", 1], ["LIMIT", 1]]
  â†³ /home/ec2-user/.rvm/gems/ruby-2.6.3/gems/activerecord-5.2.6/lib/active_record/log_subscriber.rb:98
  [1m[36mBook Load (0.2ms)[0m  [1m[34mSELECT  "books".* FROM "books" WHERE "books"."id" = ? LIMIT ?[0m  [["id", 1], ["LIMIT", 1]]
  â†³ app/controllers/books_controller.rb:10
  [1m[36mUser Load (0.1ms)[0m  [1m[34mSELECT  "users".* FROM "users" WHERE "users"."id" = ? LIMIT ?[0m  [["id", 1], ["LIMIT", 1]]
  â†³ app/controllers/books_controller.rb:12
  Rendering books/show.html.erb within layouts/application
  Rendered books/_list.html.erb (3.3ms)
  [1m[36mFavorite Exists (0.1ms)[0m  [1m[34mSELECT  1 AS one FROM "favorites" WHERE "favorites"."book_id" = ? AND "favorites"."user_id" = ? LIMIT ?[0m  [["book_id", 1], ["user_id", 1], ["LIMIT", 1]]
  â†³ app/models/book.rb:9
  [1m[35m (0.1ms)[0m  [1m[34mSELECT COUNT(*) FROM "favorites" WHERE "favorites"."book_id" = ?[0m  [["book_id", 1]]
  â†³ app/views/favorites/_favorite-button.html.erb:10
  Rendered favorites/_favorite-button.html.erb (16.1ms)
  [1m[35m (0.1ms)[0m  [1m[34mSELECT COUNT(*) FROM "comments" WHERE "comments"."book_id" = ?[0m  [["book_id", 1]]
  â†³ app/views/books/show.html.erb:33
  [1m[36mComment Load (0.1ms)[0m  [1m[34mSELECT "comments".* FROM "comments" WHERE "comments"."book_id" = ?[0m  [["book_id", 1]]
  â†³ app/views/comments/_comment.html.erb:1
  Rendered comments/_comment.html.erb (3.6ms)
  Rendered books/show.html.erb within layouts/application (33.0ms)
Completed 200 OK in 156ms (Views: 136.1ms | ActiveRecord: 1.6ms)


Started POST "/books/1/favorites" for 118.106.138.63 at 2021-08-01 09:27:39 +0000
Cannot render console from 118.106.138.63! Allowed networks: 127.0.0.1, ::1, 127.0.0.0/127.255.255.255
Processing by FavoritesController#create as JS
  Parameters: {"book_id"=>"1"}
  [1m[36mUser Load (0.1ms)[0m  [1m[34mSELECT  "users".* FROM "users" WHERE "users"."id" = ? ORDER BY "users"."id" ASC LIMIT ?[0m  [["id", 1], ["LIMIT", 1]]
  â†³ /home/ec2-user/.rvm/gems/ruby-2.6.3/gems/activerecord-5.2.6/lib/active_record/log_subscriber.rb:98
  [1m[36mBook Load (0.1ms)[0m  [1m[34mSELECT  "books".* FROM "books" WHERE "books"."id" = ? LIMIT ?[0m  [["id", 1], ["LIMIT", 1]]
  â†³ app/controllers/favorites_controller.rb:5
  [1m[35m (0.0ms)[0m  [1m[36mbegin transaction[0m
  â†³ app/controllers/favorites_controller.rb:7
  [1m[36mBook Load (0.1ms)[0m  [1m[34mSELECT  "books".* FROM "books" WHERE "books"."id" = ? LIMIT ?[0m  [["id", 1], ["LIMIT", 1]]
  â†³ app/controllers/favorites_controller.rb:7
  [1m[36mFavorite Create (2.3ms)[0m  [1m[32mINSERT INTO "favorites" ("user_id", "book_id", "created_at", "updated_at") VALUES (?, ?, ?, ?)[0m  [["user_id", 1], ["book_id", 1], ["created_at", "2021-08-01 09:27:39.885412"], ["updated_at", "2021-08-01 09:27:39.885412"]]
  â†³ app/controllers/favorites_controller.rb:7
  [1m[35m (6.7ms)[0m  [1m[36mcommit transaction[0m
  â†³ app/controllers/favorites_controller.rb:7
  Rendering favorites/create.js.erb
  [1m[36mFavorite Exists (0.2ms)[0m  [1m[34mSELECT  1 AS one FROM "favorites" WHERE "favorites"."book_id" = ? AND "favorites"."user_id" = ? LIMIT ?[0m  [["book_id", 1], ["user_id", 1], ["LIMIT", 1]]
  â†³ app/models/book.rb:9
  [1m[35m (0.1ms)[0m  [1m[34mSELECT COUNT(*) FROM "favorites" WHERE "favorites"."book_id" = ?[0m  [["book_id", 1]]
  â†³ app/views/favorites/_favorite-button.html.erb:5
  Rendered favorites/_favorite-button.html.erb (8.7ms)
  Rendered favorites/create.js.erb (11.9ms)
Completed 200 OK in 53ms (Views: 17.0ms | ActiveRecord: 9.8ms)


Started DELETE "/books/1/favorites" for 118.106.138.63 at 2021-08-01 09:27:42 +0000
Cannot render console from 118.106.138.63! Allowed networks: 127.0.0.1, ::1, 127.0.0.0/127.255.255.255
Processing by FavoritesController#destroy as JS
  Parameters: {"book_id"=>"1"}
  [1m[36mUser Load (0.1ms)[0m  [1m[34mSELECT  "users".* FROM "users" WHERE "users"."id" = ? ORDER BY "users"."id" ASC LIMIT ?[0m  [["id", 1], ["LIMIT", 1]]
  â†³ /home/ec2-user/.rvm/gems/ruby-2.6.3/gems/activerecord-5.2.6/lib/active_record/log_subscriber.rb:98
  [1m[36mBook Load (0.1ms)[0m  [1m[34mSELECT  "books".* FROM "books" WHERE "books"."id" = ? LIMIT ?[0m  [["id", 1], ["LIMIT", 1]]
  â†³ app/controllers/favorites_controller.rb:13
  [1m[36mFavorite Load (0.1ms)[0m  [1m[34mSELECT  "favorites".* FROM "favorites" WHERE "favorites"."user_id" = ? AND "favorites"."book_id" = ? LIMIT ?[0m  [["user_id", 1], ["book_id", 1], ["LIMIT", 1]]
  â†³ app/controllers/favorites_controller.rb:14
  [1m[35m (0.0ms)[0m  [1m[36mbegin transaction[0m
  â†³ app/controllers/favorites_controller.rb:15
  [1m[36mFavorite Destroy (0.4ms)[0m  [1m[31mDELETE FROM "favorites" WHERE "favorites"."id" = ?[0m  [["id", 1]]
  â†³ app/controllers/favorites_controller.rb:15
  [1m[35m (6.0ms)[0m  [1m[36mcommit transaction[0m
  â†³ app/controllers/favorites_controller.rb:15
  Rendering favorites/destroy.js.erb
  [1m[36mFavorite Exists (0.1ms)[0m  [1m[34mSELECT  1 AS one FROM "favorites" WHERE "favorites"."book_id" = ? AND "favorites"."user_id" = ? LIMIT ?[0m  [["book_id", 1], ["user_id", 1], ["LIMIT", 1]]
  â†³ app/models/book.rb:9
  [1m[35m (0.1ms)[0m  [1m[34mSELECT COUNT(*) FROM "favorites" WHERE "favorites"."book_id" = ?[0m  [["book_id", 1]]
  â†³ app/views/favorites/_favorite-button.html.erb:10
  Rendered favorites/_favorite-button.html.erb (7.2ms)
  Rendered favorites/destroy.js.erb (10.9ms)
Completed 200 OK in 37ms (Views: 16.7ms | ActiveRecord: 7.0ms)


Started POST "/books/1/favorites" for 118.106.138.63 at 2021-08-01 09:27:44 +0000
Cannot render console from 118.106.138.63! Allowed networks: 127.0.0.1, ::1, 127.0.0.0/127.255.255.255
Processing by FavoritesController#create as JS
  Parameters: {"book_id"=>"1"}
  [1m[36mUser Load (0.1ms)[0m  [1m[34mSELECT  "users".* FROM "users" WHERE "users"."id" = ? ORDER BY "users"."id" ASC LIMIT ?[0m  [["id", 1], ["LIMIT", 1]]
  â†³ /home/ec2-user/.rvm/gems/ruby-2.6.3/gems/activerecord-5.2.6/lib/active_record/log_subscriber.rb:98
  [1m[36mBook Load (0.1ms)[0m  [1m[34mSELECT  "books".* FROM "books" WHERE "books"."id" = ? LIMIT ?[0m  [["id", 1], ["LIMIT", 1]]
  â†³ app/controllers/favorites_controller.rb:5
  [1m[35m (0.1ms)[0m  [1m[36mbegin transaction[0m
  â†³ app/controllers/favorites_controller.rb:7
  [1m[36mBook Load (0.1ms)[0m  [1m[34mSELECT  "books".* FROM "books" WHERE "books"."id" = ? LIMIT ?[0m  [["id", 1], ["LIMIT", 1]]
  â†³ app/controllers/favorites_controller.rb:7
  [1m[36mFavorite Create (0.8ms)[0m  [1m[32mINSERT INTO "favorites" ("user_id", "book_id", "created_at", "updated_at") VALUES (?, ?, ?, ?)[0m  [["user_id", 1], ["book_id", 1], ["created_at", "2021-08-01 09:27:44.128547"], ["updated_at", "2021-08-01 09:27:44.128547"]]
  â†³ app/controllers/favorites_controller.rb:7
  [1m[35m (10.0ms)[0m  [1m[36mcommit transaction[0m
  â†³ app/controllers/favorites_controller.rb:7
  Rendering favorites/create.js.erb
  [1m[36mFavorite Exists (0.1ms)[0m  [1m[34mSELECT  1 AS one FROM "favorites" WHERE "favorites"."book_id" = ? AND "favorites"."user_id" = ? LIMIT ?[0m  [["book_id", 1], ["user_id", 1], ["LIMIT", 1]]
  â†³ app/models/book.rb:9
  [1m[35m (0.1ms)[0m  [1m[34mSELECT COUNT(*) FROM "favorites" WHERE "favorites"."book_id" = ?[0m  [["book_id", 1]]
  â†³ app/views/favorites/_favorite-button.html.erb:5
  Rendered favorites/_favorite-button.html.erb (7.6ms)
  Rendered favorites/create.js.erb (11.2ms)
Completed 200 OK in 40ms (Views: 17.0ms | ActiveRecord: 11.3ms)


Started POST "/books/1/comments" for 118.106.138.63 at 2021-08-01 09:27:48 +0000
Cannot render console from 118.106.138.63! Allowed networks: 127.0.0.1, ::1, 127.0.0.0/127.255.255.255
Processing by CommentsController#create as JS
  Parameters: {"utf8"=>"âœ“", "authenticity_token"=>"PRSmIZSif2KPoGMKB7q4KPpY7Gi7Qe0WbsZwCtNReShL73m5Cc0wPQA4C2chMhw/un+fyoUlaMp08bn63jshfA==", "comment"=>{"comment"=>"è‡ªåˆ†ã®"}, "commit"=>"é€ä¿¡", "book_id"=>"1"}
  [1m[36mUser Load (0.1ms)[0m  [1m[34mSELECT  "users".* FROM "users" WHERE "users"."id" = ? ORDER BY "users"."id" ASC LIMIT ?[0m  [["id", 1], ["LIMIT", 1]]
  â†³ /home/ec2-user/.rvm/gems/ruby-2.6.3/gems/activerecord-5.2.6/lib/active_record/log_subscriber.rb:98
  [1m[36mBook Load (0.1ms)[0m  [1m[34mSELECT  "books".* FROM "books" WHERE "books"."id" = ? LIMIT ?[0m  [["id", 1], ["LIMIT", 1]]
  â†³ app/controllers/comments_controller.rb:4
  [1m[35m (0.1ms)[0m  [1m[36mbegin transaction[0m
  â†³ app/controllers/comments_controller.rb:7
  [1m[36mBook Load (0.1ms)[0m  [1m[34mSELECT  "books".* FROM "books" WHERE "books"."id" = ? LIMIT ?[0m  [["id", 1], ["LIMIT", 1]]
  â†³ app/controllers/comments_controller.rb:7
  [1m[36mComment Create (0.6ms)[0m  [1m[32mINSERT INTO "comments" ("comment", "user_id", "book_id", "created_at", "updated_at") VALUES (?, ?, ?, ?, ?)[0m  [["comment", "è‡ªåˆ†ã®"], ["user_id", 1], ["book_id", 1], ["created_at", "2021-08-01 09:27:48.781780"], ["updated_at", "2021-08-01 09:27:48.781780"]]
  â†³ app/controllers/comments_controller.rb:7
  [1m[35m (8.4ms)[0m  [1m[36mcommit transaction[0m
  â†³ app/controllers/comments_controller.rb:7
  Rendering comments/create.js.erb
  [1m[36mComment Load (0.1ms)[0m  [1m[34mSELECT "comments".* FROM "comments" WHERE "comments"."book_id" = ?[0m  [["book_id", 1]]
  â†³ app/views/comments/_comment.html.erb:1
  [1m[36mUser Load (0.1ms)[0m  [1m[34mSELECT  "users".* FROM "users" WHERE "users"."id" = ? LIMIT ?[0m  [["id", 1], ["LIMIT", 1]]
  â†³ app/views/comments/_comment.html.erb:3
  Rendered comments/_comment.html.erb (9.9ms)
  [1m[35m (0.1ms)[0m  [1m[34mSELECT COUNT(*) FROM "comments" WHERE "comments"."book_id" = ?[0m  [["book_id", 1]]
  â†³ app/views/comments/create.js.erb:3
  Rendered comments/create.js.erb (17.0ms)
Completed 200 OK in 52ms (Views: 22.0ms | ActiveRecord: 9.6ms)


Started POST "/books/1/comments" for 118.106.138.63 at 2021-08-01 09:27:52 +0000
Cannot render console from 118.106.138.63! Allowed networks: 127.0.0.1, ::1, 127.0.0.0/127.255.255.255
Processing by CommentsController#create as JS
  Parameters: {"utf8"=>"âœ“", "authenticity_token"=>"PRSmIZSif2KPoGMKB7q4KPpY7Gi7Qe0WbsZwCtNReShL73m5Cc0wPQA4C2chMhw/un+fyoUlaMp08bn63jshfA==", "comment"=>{"comment"=>"æŠ•ç¨¿ã«"}, "commit"=>"é€ä¿¡", "book_id"=>"1"}
  [1m[36mUser Load (0.1ms)[0m  [1m[34mSELECT  "users".* FROM "users" WHERE "users"."id" = ? ORDER BY "users"."id" ASC LIMIT ?[0m  [["id", 1], ["LIMIT", 1]]
  â†³ /home/ec2-user/.rvm/gems/ruby-2.6.3/gems/activerecord-5.2.6/lib/active_record/log_subscriber.rb:98
  [1m[36mBook Load (0.1ms)[0m  [1m[34mSELECT  "books".* FROM "books" WHERE "books"."id" = ? LIMIT ?[0m  [["id", 1], ["LIMIT", 1]]
  â†³ app/controllers/comments_controller.rb:4
  [1m[35m (0.0ms)[0m  [1m[36mbegin transaction[0m
  â†³ app/controllers/comments_controller.rb:7
  [1m[36mBook Load (0.1ms)[0m  [1m[34mSELECT  "books".* FROM "books" WHERE "books"."id" = ? LIMIT ?[0m  [["id", 1], ["LIMIT", 1]]
  â†³ app/controllers/comments_controller.rb:7
  [1m[36mComment Create (0.8ms)[0m  [1m[32mINSERT INTO "comments" ("comment", "user_id", "book_id", "created_at", "updated_at") VALUES (?, ?, ?, ?, ?)[0m  [["comment", "æŠ•ç¨¿ã«"], ["user_id", 1], ["book_id", 1], ["created_at", "2021-08-01 09:27:52.230985"], ["updated_at", "2021-08-01 09:27:52.230985"]]
  â†³ app/controllers/comments_controller.rb:7
  [1m[35m (5.7ms)[0m  [1m[36mcommit transaction[0m
  â†³ app/controllers/comments_controller.rb:7
  Rendering comments/create.js.erb
  [1m[36mComment Load (0.1ms)[0m  [1m[34mSELECT "comments".* FROM "comments" WHERE "comments"."book_id" = ?[0m  [["book_id", 1]]
  â†³ app/views/comments/_comment.html.erb:1
  [1m[36mUser Load (0.1ms)[0m  [1m[34mSELECT  "users".* FROM "users" WHERE "users"."id" = ? LIMIT ?[0m  [["id", 1], ["LIMIT", 1]]
  â†³ app/views/comments/_comment.html.erb:3
  [1m[36mCACHE User Load (0.0ms)[0m  [1m[34mSELECT  "users".* FROM "users" WHERE "users"."id" = ? LIMIT ?[0m  [["id", 1], ["LIMIT", 1]]
  â†³ app/views/comments/_comment.html.erb:3
  Rendered comments/_comment.html.erb (10.8ms)
  [1m[35m (0.1ms)[0m  [1m[34mSELECT COUNT(*) FROM "comments" WHERE "comments"."book_id" = ?[0m  [["book_id", 1]]
  â†³ app/views/comments/create.js.erb:3
  Rendered comments/create.js.erb (17.0ms)
Completed 200 OK in 43ms (Views: 23.4ms | ActiveRecord: 7.2ms)


Started POST "/books/1/comments" for 118.106.138.63 at 2021-08-01 09:27:55 +0000
Cannot render console from 118.106.138.63! Allowed networks: 127.0.0.1, ::1, 127.0.0.0/127.255.255.255
Processing by CommentsController#create as JS
  Parameters: {"utf8"=>"âœ“", "authenticity_token"=>"PRSmIZSif2KPoGMKB7q4KPpY7Gi7Qe0WbsZwCtNReShL73m5Cc0wPQA4C2chMhw/un+fyoUlaMp08bn63jshfA==", "comment"=>{"comment"=>"ã‚³ãƒ¡ãƒ³ãƒˆ"}, "commit"=>"é€ä¿¡", "book_id"=>"1"}
  [1m[36mUser Load (0.1ms)[0m  [1m[34mSELECT  "users".* FROM "users" WHERE "users"."id" = ? ORDER BY "users"."id" ASC LIMIT ?[0m  [["id", 1], ["LIMIT", 1]]
  â†³ /home/ec2-user/.rvm/gems/ruby-2.6.3/gems/activerecord-5.2.6/lib/active_record/log_subscriber.rb:98
  [1m[36mBook Load (0.1ms)[0m  [1m[34mSELECT  "books".* FROM "books" WHERE "books"."id" = ? LIMIT ?[0m  [["id", 1], ["LIMIT", 1]]
  â†³ app/controllers/comments_controller.rb:4
  [1m[35m (1.1ms)[0m  [1m[36mbegin transaction[0m
  â†³ app/controllers/comments_controller.rb:7
  [1m[36mBook Load (0.1ms)[0m  [1m[34mSELECT  "books".* FROM "books" WHERE "books"."id" = ? LIMIT ?[0m  [["id", 1], ["LIMIT", 1]]
  â†³ app/controllers/comments_controller.rb:7
  [1m[36mComment Create (1.0ms)[0m  [1m[32mINSERT INTO "comments" ("comment", "user_id", "book_id", "created_at", "updated_at") VALUES (?, ?, ?, ?, ?)[0m  [["comment", "ã‚³ãƒ¡ãƒ³ãƒˆ"], ["user_id", 1], ["book_id", 1], ["created_at", "2021-08-01 09:27:55.613197"], ["updated_at", "2021-08-01 09:27:55.613197"]]
  â†³ app/controllers/comments_controller.rb:7
  [1m[35m (10.3ms)[0m  [1m[36mcommit transaction[0m
  â†³ app/controllers/comments_controller.rb:7
  Rendering comments/create.js.erb
  [1m[36mComment Load (0.5ms)[0m  [1m[34mSELECT "comments".* FROM "comments" WHERE "comments"."book_id" = ?[0m  [["book_id", 1]]
  â†³ app/views/comments/_comment.html.erb:1
  [1m[36mUser Load (0.1ms)[0m  [1m[34mSELECT  "users".* FROM "users" WHERE "users"."id" = ? LIMIT ?[0m  [["id", 1], ["LIMIT", 1]]
  â†³ app/views/comments/_comment.html.erb:3
  [1m[36mCACHE User Load (0.0ms)[0m  [1m[34mSELECT  "users".* FROM "users" WHERE "users"."id" = ? LIMIT ?[0m  [["id", 1], ["LIMIT", 1]]
  â†³ app/views/comments/_comment.html.erb:3
  [1m[36mCACHE User Load (0.0ms)[0m  [1m[34mSELECT  "users".* FROM "users" WHERE "users"."id" = ? LIMIT ?[0m  [["id", 1], ["LIMIT", 1]]
  â†³ app/views/comments/_comment.html.erb:3
  Rendered comments/_comment.html.erb (14.7ms)
  [1m[35m (0.1ms)[0m  [1m[34mSELECT COUNT(*) FROM "comments" WHERE "comments"."book_id" = ?[0m  [["book_id", 1]]
  â†³ app/views/comments/create.js.erb:3
  Rendered comments/create.js.erb (19.4ms)
Completed 200 OK in 50ms (Views: 24.7ms | ActiveRecord: 13.5ms)


Started POST "/books/1/comments" for 118.106.138.63 at 2021-08-01 09:27:59 +0000
Cannot render console from 118.106.138.63! Allowed networks: 127.0.0.1, ::1, 127.0.0.0/127.255.255.255
Processing by CommentsController#create as JS
  Parameters: {"utf8"=>"âœ“", "authenticity_token"=>"PRSmIZSif2KPoGMKB7q4KPpY7Gi7Qe0WbsZwCtNReShL73m5Cc0wPQA4C2chMhw/un+fyoUlaMp08bn63jshfA==", "comment"=>{"comment"=>"ã—ã¦ã‚‹ã‚ˆ"}, "commit"=>"é€ä¿¡", "book_id"=>"1"}
  [1m[36mUser Load (0.1ms)[0m  [1m[34mSELECT  "users".* FROM "users" WHERE "users"."id" = ? ORDER BY "users"."id" ASC LIMIT ?[0m  [["id", 1], ["LIMIT", 1]]
  â†³ /home/ec2-user/.rvm/gems/ruby-2.6.3/gems/activerecord-5.2.6/lib/active_record/log_subscriber.rb:98
  [1m[36mBook Load (0.1ms)[0m  [1m[34mSELECT  "books".* FROM "books" WHERE "books"."id" = ? LIMIT ?[0m  [["id", 1], ["LIMIT", 1]]
  â†³ app/controllers/comments_controller.rb:4
  [1m[35m (0.0ms)[0m  [1m[36mbegin transaction[0m
  â†³ app/controllers/comments_controller.rb:7
  [1m[36mBook Load (0.1ms)[0m  [1m[34mSELECT  "books".* FROM "books" WHERE "books"."id" = ? LIMIT ?[0m  [["id", 1], ["LIMIT", 1]]
  â†³ app/controllers/comments_controller.rb:7
  [1m[36mComment Create (1.0ms)[0m  [1m[32mINSERT INTO "comments" ("comment", "user_id", "book_id", "created_at", "updated_at") VALUES (?, ?, ?, ?, ?)[0m  [["comment", "ã—ã¦ã‚‹ã‚ˆ"], ["user_id", 1], ["book_id", 1], ["created_at", "2021-08-01 09:27:59.123691"], ["updated_at", "2021-08-01 09:27:59.123691"]]
  â†³ app/controllers/comments_controller.rb:7
  [1m[35m (6.3ms)[0m  [1m[36mcommit transaction[0m
  â†³ app/controllers/comments_controller.rb:7
  Rendering comments/create.js.erb
  [1m[36mComment Load (0.1ms)[0m  [1m[34mSELECT "comments".* FROM "comments" WHERE "comments"."book_id" = ?[0m  [["book_id", 1]]
  â†³ app/views/comments/_comment.html.erb:1
  [1m[36mUser Load (0.1ms)[0m  [1m[34mSELECT  "users".* FROM "users" WHERE "users"."id" = ? LIMIT ?[0m  [["id", 1], ["LIMIT", 1]]
  â†³ app/views/comments/_comment.html.erb:3
  [1m[36mCACHE User Load (0.0ms)[0m  [1m[34mSELECT  "users".* FROM "users" WHERE "users"."id" = ? LIMIT ?[0m  [["id", 1], ["LIMIT", 1]]
  â†³ app/views/comments/_comment.html.erb:3
  [1m[36mCACHE User Load (0.0ms)[0m  [1m[34mSELECT  "users".* FROM "users" WHERE "users"."id" = ? LIMIT ?[0m  [["id", 1], ["LIMIT", 1]]
  â†³ app/views/comments/_comment.html.erb:3
  [1m[36mCACHE User Load (0.0ms)[0m  [1m[34mSELECT  "users".* FROM "users" WHERE "users"."id" = ? LIMIT ?[0m  [["id", 1], ["LIMIT", 1]]
  â†³ app/views/comments/_comment.html.erb:3
  Rendered comments/_comment.html.erb (16.3ms)
  [1m[35m (0.2ms)[0m  [1m[34mSELECT COUNT(*) FROM "comments" WHERE "comments"."book_id" = ?[0m  [["book_id", 1]]
  â†³ app/views/comments/create.js.erb:3
  Rendered comments/create.js.erb (23.0ms)
Completed 200 OK in 48ms (Views: 28.6ms | ActiveRecord: 8.0ms)


Started DELETE "/books/1/comments/3" for 118.106.138.63 at 2021-08-01 09:28:00 +0000
Cannot render console from 118.106.138.63! Allowed networks: 127.0.0.1, ::1, 127.0.0.0/127.255.255.255
Processing by CommentsController#destroy as JS
  Parameters: {"book_id"=>"1", "id"=>"3"}
  [1m[36mUser Load (0.1ms)[0m  [1m[34mSELECT  "users".* FROM "users" WHERE "users"."id" = ? ORDER BY "users"."id" ASC LIMIT ?[0m  [["id", 1], ["LIMIT", 1]]
  â†³ /home/ec2-user/.rvm/gems/ruby-2.6.3/gems/activerecord-5.2.6/lib/active_record/log_subscriber.rb:98
  [1m[36mBook Load (0.1ms)[0m  [1m[34mSELECT  "books".* FROM "books" WHERE "books"."id" = ? LIMIT ?[0m  [["id", 1], ["LIMIT", 1]]
  â†³ app/controllers/comments_controller.rb:12
  [1m[36mComment Load (0.1ms)[0m  [1m[34mSELECT  "comments".* FROM "comments" WHERE "comments"."id" = ? LIMIT ?[0m  [["id", 3], ["LIMIT", 1]]
  â†³ app/controllers/comments_controller.rb:13
  [1m[35m (0.0ms)[0m  [1m[36mbegin transaction[0m
  â†³ app/controllers/comments_controller.rb:16
  [1m[36mComment Destroy (0.6ms)[0m  [1m[31mDELETE FROM "comments" WHERE "comments"."id" = ?[0m  [["id", 3]]
  â†³ app/controllers/comments_controller.rb:16
  [1m[35m (5.3ms)[0m  [1m[36mcommit transaction[0m
  â†³ app/controllers/comments_controller.rb:16
  Rendering comments/destroy.js.erb
  [1m[36mComment Load (0.1ms)[0m  [1m[34mSELECT "comments".* FROM "comments" WHERE "comments"."book_id" = ?[0m  [["book_id", 1]]
  â†³ app/views/comments/_comment.html.erb:1
  [1m[36mUser Load (0.1ms)[0m  [1m[34mSELECT  "users".* FROM "users" WHERE "users"."id" = ? LIMIT ?[0m  [["id", 1], ["LIMIT", 1]]
  â†³ app/views/comments/_comment.html.erb:3
  [1m[36mCACHE User Load (0.0ms)[0m  [1m[34mSELECT  "users".* FROM "users" WHERE "users"."id" = ? LIMIT ?[0m  [["id", 1], ["LIMIT", 1]]
  â†³ app/views/comments/_comment.html.erb:3
  [1m[36mCACHE User Load (0.0ms)[0m  [1m[34mSELECT  "users".* FROM "users" WHERE "users"."id" = ? LIMIT ?[0m  [["id", 1], ["LIMIT", 1]]
  â†³ app/views/comments/_comment.html.erb:3
  Rendered comments/_comment.html.erb (13.5ms)
  [1m[35m (0.1ms)[0m  [1m[34mSELECT COUNT(*) FROM "comments" WHERE "comments"."book_id" = ?[0m  [["book_id", 1]]
  â†³ app/views/comments/destroy.js.erb:2
  Rendered comments/destroy.js.erb (18.3ms)
Completed 200 OK in 42ms (Views: 24.0ms | ActiveRecord: 6.6ms)


Started DELETE "/books/1/comments/4" for 118.106.138.63 at 2021-08-01 09:28:01 +0000
Cannot render console from 118.106.138.63! Allowed networks: 127.0.0.1, ::1, 127.0.0.0/127.255.255.255
Processing by CommentsController#destroy as JS
  Parameters: {"book_id"=>"1", "id"=>"4"}
  [1m[36mUser Load (0.1ms)[0m  [1m[34mSELECT  "users".* FROM "users" WHERE "users"."id" = ? ORDER BY "users"."id" ASC LIMIT ?[0m  [["id", 1], ["LIMIT", 1]]
  â†³ /home/ec2-user/.rvm/gems/ruby-2.6.3/gems/activerecord-5.2.6/lib/active_record/log_subscriber.rb:98
  [1m[36mBook Load (0.1ms)[0m  [1m[34mSELECT  "books".* FROM "books" WHERE "books"."id" = ? LIMIT ?[0m  [["id", 1], ["LIMIT", 1]]
  â†³ app/controllers/comments_controller.rb:12
  [1m[36mComment Load (0.1ms)[0m  [1m[34mSELECT  "comments".* FROM "comments" WHERE "comments"."id" = ? LIMIT ?[0m  [["id", 4], ["LIMIT", 1]]
  â†³ app/controllers/comments_controller.rb:13
  [1m[35m (0.1ms)[0m  [1m[36mbegin transaction[0m
  â†³ app/controllers/comments_controller.rb:16
  [1m[36mComment Destroy (0.7ms)[0m  [1m[31mDELETE FROM "comments" WHERE "comments"."id" = ?[0m  [["id", 4]]
  â†³ app/controllers/comments_controller.rb:16
  [1m[35m (6.7ms)[0m  [1m[36mcommit transaction[0m
  â†³ app/controllers/comments_controller.rb:16
  Rendering comments/destroy.js.erb
  [1m[36mComment Load (0.1ms)[0m  [1m[34mSELECT "comments".* FROM "comments" WHERE "comments"."book_id" = ?[0m  [["book_id", 1]]
  â†³ app/views/comments/_comment.html.erb:1
  [1m[36mUser Load (0.1ms)[0m  [1m[34mSELECT  "users".* FROM "users" WHERE "users"."id" = ? LIMIT ?[0m  [["id", 1], ["LIMIT", 1]]
  â†³ app/views/comments/_comment.html.erb:3
  [1m[36mCACHE User Load (0.0ms)[0m  [1m[34mSELECT  "users".* FROM "users" WHERE "users"."id" = ? LIMIT ?[0m  [["id", 1], ["LIMIT", 1]]
  â†³ app/views/comments/_comment.html.erb:3
  Rendered comments/_comment.html.erb (10.7ms)
  [1m[35m (0.1ms)[0m  [1m[34mSELECT COUNT(*) FROM "comments" WHERE "comments"."book_id" = ?[0m  [["book_id", 1]]
  â†³ app/views/comments/destroy.js.erb:2
  Rendered comments/destroy.js.erb (23.9ms)
Completed 200 OK in 47ms (Views: 29.6ms | ActiveRecord: 8.1ms)


Started POST "/books/1/comments" for 118.106.138.63 at 2021-08-01 09:28:04 +0000
Cannot render console from 118.106.138.63! Allowed networks: 127.0.0.1, ::1, 127.0.0.0/127.255.255.255
Processing by CommentsController#create as JS
  Parameters: {"utf8"=>"âœ“", "authenticity_token"=>"PRSmIZSif2KPoGMKB7q4KPpY7Gi7Qe0WbsZwCtNReShL73m5Cc0wPQA4C2chMhw/un+fyoUlaMp08bn63jshfA==", "comment"=>{"comment"=>"ã‚³ãƒ¡ãƒ³ãƒˆ"}, "commit"=>"é€ä¿¡", "book_id"=>"1"}
  [1m[36mUser Load (0.1ms)[0m  [1m[34mSELECT  "users".* FROM "users" WHERE "users"."id" = ? ORDER BY "users"."id" ASC LIMIT ?[0m  [["id", 1], ["LIMIT", 1]]
  â†³ /home/ec2-user/.rvm/gems/ruby-2.6.3/gems/activerecord-5.2.6/lib/active_record/log_subscriber.rb:98
  [1m[36mBook Load (0.1ms)[0m  [1m[34mSELECT  "books".* FROM "books" WHERE "books"."id" = ? LIMIT ?[0m  [["id", 1], ["LIMIT", 1]]
  â†³ app/controllers/comments_controller.rb:4
  [1m[35m (0.1ms)[0m  [1m[36mbegin transaction[0m
  â†³ app/controllers/comments_controller.rb:7
  [1m[36mBook Load (0.1ms)[0m  [1m[34mSELECT  "books".* FROM "books" WHERE "books"."id" = ? LIMIT ?[0m  [["id", 1], ["LIMIT", 1]]
  â†³ app/controllers/comments_controller.rb:7
  [1m[36mComment Create (1.1ms)[0m  [1m[32mINSERT INTO "comments" ("comment", "user_id", "book_id", "created_at", "updated_at") VALUES (?, ?, ?, ?, ?)[0m  [["comment", "ã‚³ãƒ¡ãƒ³ãƒˆ"], ["user_id", 1], ["book_id", 1], ["created_at", "2021-08-01 09:28:04.272907"], ["updated_at", "2021-08-01 09:28:04.272907"]]
  â†³ app/controllers/comments_controller.rb:7
  [1m[35m (5.2ms)[0m  [1m[36mcommit transaction[0m
  â†³ app/controllers/comments_controller.rb:7
  Rendering comments/create.js.erb
  [1m[36mComment Load (0.1ms)[0m  [1m[34mSELECT "comments".* FROM "comments" WHERE "comments"."book_id" = ?[0m  [["book_id", 1]]
  â†³ app/views/comments/_comment.html.erb:1
  [1m[36mUser Load (0.1ms)[0m  [1m[34mSELECT  "users".* FROM "users" WHERE "users"."id" = ? LIMIT ?[0m  [["id", 1], ["LIMIT", 1]]
  â†³ app/views/comments/_comment.html.erb:3
  [1m[36mCACHE User Load (0.0ms)[0m  [1m[34mSELECT  "users".* FROM "users" WHERE "users"."id" = ? LIMIT ?[0m  [["id", 1], ["LIMIT", 1]]
  â†³ app/views/comments/_comment.html.erb:3
  [1m[36mCACHE User Load (0.0ms)[0m  [1m[34mSELECT  "users".* FROM "users" WHERE "users"."id" = ? LIMIT ?[0m  [["id", 1], ["LIMIT", 1]]
  â†³ app/views/comments/_comment.html.erb:3
  Rendered comments/_comment.html.erb (14.2ms)
  [1m[35m (1.0ms)[0m  [1m[34mSELECT COUNT(*) FROM "comments" WHERE "comments"."book_id" = ?[0m  [["book_id", 1]]
  â†³ app/views/comments/create.js.erb:3
  Rendered comments/create.js.erb (20.9ms)
Completed 200 OK in 48ms (Views: 25.6ms | ActiveRecord: 7.9ms)


Started GET "/books" for 118.106.138.63 at 2021-08-01 09:28:05 +0000
Cannot render console from 118.106.138.63! Allowed networks: 127.0.0.1, ::1, 127.0.0.0/127.255.255.255
Processing by BooksController#index as HTML
  [1m[36mUser Load (0.1ms)[0m  [1m[34mSELECT  "users".* FROM "users" WHERE "users"."id" = ? ORDER BY "users"."id" ASC LIMIT ?[0m  [["id", 1], ["LIMIT", 1]]
  â†³ /home/ec2-user/.rvm/gems/ruby-2.6.3/gems/activerecord-5.2.6/lib/active_record/log_subscriber.rb:98
  Rendering books/index.html.erb within layouts/application
  Rendered books/_list.html.erb (4.1ms)
  [1m[36mBook Load (0.1ms)[0m  [1m[34mSELECT "books".* FROM "books"[0m
  â†³ app/views/books/index.html.erb:33
  [1m[36mUser Load (0.1ms)[0m  [1m[34mSELECT  "users".* FROM "users" WHERE "users"."id" = ? LIMIT ?[0m  [["id", 1], ["LIMIT", 1]]
  â†³ app/views/books/index.html.erb:36
  [1m[36mFavorite Exists (0.1ms)[0m  [1m[34mSELECT  1 AS one FROM "favorites" WHERE "favorites"."book_id" = ? AND "favorites"."user_id" = ? LIMIT ?[0m  [["book_id", 1], ["user_id", 1], ["LIMIT", 1]]
  â†³ app/models/book.rb:9
  [1m[35m (0.1ms)[0m  [1m[34mSELECT COUNT(*) FROM "favorites" WHERE "favorites"."book_id" = ?[0m  [["book_id", 1]]
  â†³ app/views/favorites/_favorite2-button.html.erb:5
  Rendered favorites/_favorite2-button.html.erb (5.3ms)
  [1m[35m (0.1ms)[0m  [1m[34mSELECT COUNT(*) FROM "comments" WHERE "comments"."book_id" = ?[0m  [["book_id", 1]]
  â†³ app/views/books/index.html.erb:45
  Rendered books/index.html.erb within layouts/application (19.8ms)
Completed 200 OK in 111ms (Views: 105.9ms | ActiveRecord: 0.7ms)


Started GET "/users/1/edit" for 118.106.138.63 at 2021-08-01 09:28:09 +0000
Cannot render console from 118.106.138.63! Allowed networks: 127.0.0.1, ::1, 127.0.0.0/127.255.255.255
Processing by UsersController#edit as HTML
  Parameters: {"id"=>"1"}
  [1m[36mUser Load (0.1ms)[0m  [1m[34mSELECT  "users".* FROM "users" WHERE "users"."id" = ? ORDER BY "users"."id" ASC LIMIT ?[0m  [["id", 1], ["LIMIT", 1]]
  â†³ /home/ec2-user/.rvm/gems/ruby-2.6.3/gems/activerecord-5.2.6/lib/active_record/log_subscriber.rb:98
  [1m[36mUser Load (0.1ms)[0m  [1m[34mSELECT  "users".* FROM "users" WHERE "users"."id" = ? LIMIT ?[0m  [["id", 1], ["LIMIT", 1]]
  â†³ app/controllers/users_controller.rb:3
  Rendering users/edit.html.erb within layouts/application
  Rendered users/edit.html.erb within layouts/application (14.1ms)
Completed 200 OK in 129ms (Views: 125.0ms | ActiveRecord: 0.2ms)


Started PATCH "/users/1" for 118.106.138.63 at 2021-08-01 09:28:10 +0000
Cannot render console from 118.106.138.63! Allowed networks: 127.0.0.1, ::1, 127.0.0.0/127.255.255.255
Processing by UsersController#update as HTML
  Parameters: {"utf8"=>"âœ“", "authenticity_token"=>"toy/jTFpDCDLc9OTQ/pDtd7zy9qkNOvYBR75R1ZZolGHQszYmYj8xnI/iPN12BUJSy6KtZYjdZ0FvpotpZTiXw==", "user"=>{"name"=>"kokoko", "profile_image"=>"{}", "introduction"=>""}, "commit"=>"Update User", "id"=>"1"}
  [1m[36mUser Load (0.1ms)[0m  [1m[34mSELECT  "users".* FROM "users" WHERE "users"."id" = ? ORDER BY "users"."id" ASC LIMIT ?[0m  [["id", 1], ["LIMIT", 1]]
  â†³ /home/ec2-user/.rvm/gems/ruby-2.6.3/gems/activerecord-5.2.6/lib/active_record/log_subscriber.rb:98
  [1m[36mUser Load (0.1ms)[0m  [1m[34mSELECT  "users".* FROM "users" WHERE "users"."id" = ? LIMIT ?[0m  [["id", 1], ["LIMIT", 1]]
  â†³ app/controllers/users_controller.rb:25
  [1m[35m (0.1ms)[0m  [1m[36mbegin transaction[0m
  â†³ app/controllers/users_controller.rb:26
  [1m[36mUser Exists (0.1ms)[0m  [1m[34mSELECT  1 AS one FROM "users" WHERE "users"."name" = ? AND "users"."id" != ? LIMIT ?[0m  [["name", "kokoko"], ["id", 1], ["LIMIT", 1]]
  â†³ app/controllers/users_controller.rb:26
  [1m[36mUser Update (1.2ms)[0m  [1m[33mUPDATE "users" SET "profile_image_id" = ?, "introduction" = ?, "updated_at" = ? WHERE "users"."id" = ?[0m  [["profile_image_id", nil], ["introduction", ""], ["updated_at", "2021-08-01 09:28:10.782559"], ["id", 1]]
  â†³ app/controllers/users_controller.rb:26
  [1m[35m (6.5ms)[0m  [1m[36mcommit transaction[0m
  â†³ app/controllers/users_controller.rb:26
Redirected to https://c72a415c1427481397990dea033441ed.vfs.cloud9.us-east-1.amazonaws.com/users/1
Completed 302 Found in 20ms (ActiveRecord: 8.1ms)


Started GET "/users/1" for 118.106.138.63 at 2021-08-01 09:28:10 +0000
Cannot render console from 118.106.138.63! Allowed networks: 127.0.0.1, ::1, 127.0.0.0/127.255.255.255
Processing by UsersController#show as HTML
  Parameters: {"id"=>"1"}
  [1m[36mUser Load (0.1ms)[0m  [1m[34mSELECT  "users".* FROM "users" WHERE "users"."id" = ? ORDER BY "users"."id" ASC LIMIT ?[0m  [["id", 1], ["LIMIT", 1]]
  â†³ /home/ec2-user/.rvm/gems/ruby-2.6.3/gems/activerecord-5.2.6/lib/active_record/log_subscriber.rb:98
  [1m[36mUser Load (0.1ms)[0m  [1m[34mSELECT  "users".* FROM "users" WHERE "users"."id" = ? LIMIT ?[0m  [["id", 1], ["LIMIT", 1]]
  â†³ app/controllers/users_controller.rb:18
  Rendering users/show.html.erb within layouts/application
  [1m[35m (0.1ms)[0m  [1m[34mSELECT COUNT(*) FROM "users" INNER JOIN "relationships" ON "users"."id" = "relationships"."followed_id" WHERE "relationships"."follower_id" = ?[0m  [["follower_id", 1]]
  â†³ app/views/users/show.html.erb:18
  [1m[35m (0.1ms)[0m  [1m[34mSELECT COUNT(*) FROM "users" INNER JOIN "relationships" ON "users"."id" = "relationships"."follower_id" WHERE "relationships"."followed_id" = ?[0m  [["followed_id", 1]]
  â†³ app/views/users/show.html.erb:22
  [1m[36mBook Load (0.1ms)[0m  [1m[34mSELECT "books".* FROM "books" WHERE "books"."user_id" = ? ORDER BY "books"."created_at" ASC[0m  [["user_id", 1]]
  â†³ app/views/users/show.html.erb:58
  [1m[35m (0.1ms)[0m  [1m[34mSELECT COUNT(*) FROM "comments" WHERE "comments"."book_id" = ?[0m  [["book_id", 1]]
  â†³ app/views/users/show.html.erb:67
  Rendered users/show.html.erb within layouts/application (20.2ms)
Completed 200 OK in 113ms (Views: 106.8ms | ActiveRecord: 0.7ms)


Started DELETE "/users/sign_out" for 118.106.138.63 at 2021-08-01 09:28:13 +0000
Cannot render console from 118.106.138.63! Allowed networks: 127.0.0.1, ::1, 127.0.0.0/127.255.255.255
Processing by Devise::SessionsController#destroy as HTML
  Parameters: {"authenticity_token"=>"jAGI2vneaKRxWwhfrutGJ9hK5qjd9RWgMZZXcom8Qnv6+ldCZLEn+/7DYDKIY+IwmG2VCuORkHwroZ6ChNYaLw=="}
  [1m[36mUser Load (1.4ms)[0m  [1m[34mSELECT  "users".* FROM "users" WHERE "users"."id" = ? ORDER BY "users"."id" ASC LIMIT ?[0m  [["id", 1], ["LIMIT", 1]]
  â†³ /home/ec2-user/.rvm/gems/ruby-2.6.3/gems/activerecord-5.2.6/lib/active_record/log_subscriber.rb:98
  [1m[35m (0.1ms)[0m  [1m[36mbegin transaction[0m
  â†³ /home/ec2-user/.rvm/gems/ruby-2.6.3/gems/activerecord-5.2.6/lib/active_record/log_subscriber.rb:98
  [1m[35m (0.0ms)[0m  [1m[36mcommit transaction[0m
  â†³ /home/ec2-user/.rvm/gems/ruby-2.6.3/gems/activerecord-5.2.6/lib/active_record/log_subscriber.rb:98
Redirected to https://c72a415c1427481397990dea033441ed.vfs.cloud9.us-east-1.amazonaws.com/
Completed 302 Found in 11ms (ActiveRecord: 1.5ms)


Started GET "/" for 118.106.138.63 at 2021-08-01 09:28:13 +0000
Cannot render console from 118.106.138.63! Allowed networks: 127.0.0.1, ::1, 127.0.0.0/127.255.255.255
Processing by HomesController#top as HTML
  Rendering homes/top.html.erb within layouts/application
  Rendered homes/top.html.erb within layouts/application (1.3ms)
Completed 200 OK in 96ms (Views: 95.5ms | ActiveRecord: 0.0ms)


Started GET "/users/sign_up" for 118.106.138.63 at 2021-08-01 09:28:16 +0000
Cannot render console from 118.106.138.63! Allowed networks: 127.0.0.1, ::1, 127.0.0.0/127.255.255.255
Processing by Devise::RegistrationsController#new as HTML
  Rendering devise/registrations/new.html.erb within layouts/application
  Rendered devise/shared/_error_messages.html.erb (0.4ms)
  Rendered devise/shared/_links.html.erb (0.7ms)
  Rendered devise/registrations/new.html.erb within layouts/application (7.3ms)
Completed 200 OK in 109ms (Views: 107.8ms | ActiveRecord: 0.0ms)


Started POST "/users" for 118.106.138.63 at 2021-08-01 09:28:32 +0000
Cannot render console from 118.106.138.63! Allowed networks: 127.0.0.1, ::1, 127.0.0.0/127.255.255.255
Processing by Devise::RegistrationsController#create as HTML
  Parameters: {"utf8"=>"âœ“", "authenticity_token"=>"qzsEEYDP5uNdsu7Ky70JALQ3fx/RRirdgFastxMCLefWvVz/7e//neiTDfIvqX/5V7KUcJ3YtwOkePBeu6NoJg==", "user"=>{"name"=>"aaa", "email"=>"aaa@aaa", "password"=>"[FILTERED]", "password_confirmation"=>"[FILTERED]"}, "commit"=>"Sign up"}
  [1m[35m (0.1ms)[0m  [1m[36mbegin transaction[0m
  â†³ /home/ec2-user/.rvm/gems/ruby-2.6.3/gems/activerecord-5.2.6/lib/active_record/log_subscriber.rb:98
  [1m[36mUser Exists (0.1ms)[0m  [1m[34mSELECT  1 AS one FROM "users" WHERE "users"."email" = ? LIMIT ?[0m  [["email", "aaa@aaa"], ["LIMIT", 1]]
  â†³ /home/ec2-user/.rvm/gems/ruby-2.6.3/gems/activerecord-5.2.6/lib/active_record/log_subscriber.rb:98
  [1m[36mUser Exists (0.1ms)[0m  [1m[34mSELECT  1 AS one FROM "users" WHERE "users"."name" = ? LIMIT ?[0m  [["name", "aaa"], ["LIMIT", 1]]
  â†³ /home/ec2-user/.rvm/gems/ruby-2.6.3/gems/activerecord-5.2.6/lib/active_record/log_subscriber.rb:98
  [1m[36mUser Create (1.4ms)[0m  [1m[32mINSERT INTO "users" ("email", "encrypted_password", "name", "created_at", "updated_at") VALUES (?, ?, ?, ?, ?)[0m  [["email", "aaa@aaa"], ["encrypted_password", "$2a$12$.Gt9h//O2r7dsBZfBJxhIO04dU51/MsZe.M6ArQ3K8QYzXXH0UP0G"], ["name", "aaa"], ["created_at", "2021-08-01 09:28:32.354782"], ["updated_at", "2021-08-01 09:28:32.354782"]]
  â†³ /home/ec2-user/.rvm/gems/ruby-2.6.3/gems/activerecord-5.2.6/lib/active_record/log_subscriber.rb:98
  [1m[35m (6.8ms)[0m  [1m[36mcommit transaction[0m
  â†³ /home/ec2-user/.rvm/gems/ruby-2.6.3/gems/activerecord-5.2.6/lib/active_record/log_subscriber.rb:98
Redirected to https://c72a415c1427481397990dea033441ed.vfs.cloud9.us-east-1.amazonaws.com/users/2
Completed 302 Found in 325ms (ActiveRecord: 8.5ms)


Started GET "/users/2" for 118.106.138.63 at 2021-08-01 09:28:32 +0000
Cannot render console from 118.106.138.63! Allowed networks: 127.0.0.1, ::1, 127.0.0.0/127.255.255.255
Processing by UsersController#show as HTML
  Parameters: {"id"=>"2"}
  [1m[36mUser Load (0.1ms)[0m  [1m[34mSELECT  "users".* FROM "users" WHERE "users"."id" = ? ORDER BY "users"."id" ASC LIMIT ?[0m  [["id", 2], ["LIMIT", 1]]
  â†³ /home/ec2-user/.rvm/gems/ruby-2.6.3/gems/activerecord-5.2.6/lib/active_record/log_subscriber.rb:98
  [1m[36mUser Load (0.1ms)[0m  [1m[34mSELECT  "users".* FROM "users" WHERE "users"."id" = ? LIMIT ?[0m  [["id", 2], ["LIMIT", 1]]
  â†³ app/controllers/users_controller.rb:18
  Rendering users/show.html.erb within layouts/application
  [1m[35m (0.1ms)[0m  [1m[34mSELECT COUNT(*) FROM "users" INNER JOIN "relationships" ON "users"."id" = "relationships"."followed_id" WHERE "relationships"."follower_id" = ?[0m  [["follower_id", 2]]
  â†³ app/views/users/show.html.erb:18
  [1m[35m (0.1ms)[0m  [1m[34mSELECT COUNT(*) FROM "users" INNER JOIN "relationships" ON "users"."id" = "relationships"."follower_id" WHERE "relationships"."followed_id" = ?[0m  [["followed_id", 2]]
  â†³ app/views/users/show.html.erb:22
  [1m[36mBook Load (0.1ms)[0m  [1m[34mSELECT "books".* FROM "books" WHERE "books"."user_id" = ? ORDER BY "books"."created_at" ASC[0m  [["user_id", 2]]
  â†³ app/views/users/show.html.erb:58
  Rendered users/show.html.erb within layouts/application (11.9ms)
Completed 200 OK in 106ms (Views: 100.2ms | ActiveRecord: 0.5ms)


Started POST "/books" for 118.106.138.63 at 2021-08-01 09:28:46 +0000
Cannot render console from 118.106.138.63! Allowed networks: 127.0.0.1, ::1, 127.0.0.0/127.255.255.255
Processing by BooksController#create as HTML
  Parameters: {"utf8"=>"âœ“", "authenticity_token"=>"VTU5+xO4hV8X3xsW12cL67VqPO9nGUpRYkfZ8sVBkoiqS7xtdf+yvk0ATJk/UKqFnVLYvp8SaF3HKvjO7jQFDQ==", "book"=>{"title"=>"ããŸã‚ˆ", "body"=>"aaaã ã‚ˆ"}, "commit"=>"Create Book"}
  [1m[36mUser Load (0.1ms)[0m  [1m[34mSELECT  "users".* FROM "users" WHERE "users"."id" = ? ORDER BY "users"."id" ASC LIMIT ?[0m  [["id", 2], ["LIMIT", 1]]
  â†³ /home/ec2-user/.rvm/gems/ruby-2.6.3/gems/activerecord-5.2.6/lib/active_record/log_subscriber.rb:98
  [1m[35m (0.0ms)[0m  [1m[36mbegin transaction[0m
  â†³ app/controllers/books_controller.rb:40
  [1m[36mUser Load (0.1ms)[0m  [1m[34mSELECT  "users".* FROM "users" WHERE "users"."id" = ? LIMIT ?[0m  [["id", 2], ["LIMIT", 1]]
  â†³ app/controllers/books_controller.rb:40
  [1m[36mBook Create (1.0ms)[0m  [1m[32mINSERT INTO "books" ("title", "body", "user_id", "created_at", "updated_at") VALUES (?, ?, ?, ?, ?)[0m  [["title", "ããŸã‚ˆ"], ["body", "aaaã ã‚ˆ"], ["user_id", 2], ["created_at", "2021-08-01 09:28:46.082508"], ["updated_at", "2021-08-01 09:28:46.082508"]]
  â†³ app/controllers/books_controller.rb:40
  [1m[35m (5.6ms)[0m  [1m[36mcommit transaction[0m
  â†³ app/controllers/books_controller.rb:40
Redirected to https://c72a415c1427481397990dea033441ed.vfs.cloud9.us-east-1.amazonaws.com/books/2
Completed 302 Found in 17ms (ActiveRecord: 6.9ms)


Started GET "/books/2" for 118.106.138.63 at 2021-08-01 09:28:46 +0000
Cannot render console from 118.106.138.63! Allowed networks: 127.0.0.1, ::1, 127.0.0.0/127.255.255.255
Processing by BooksController#show as HTML
  Parameters: {"id"=>"2"}
  [1m[36mUser Load (0.1ms)[0m  [1m[34mSELECT  "users".* FROM "users" WHERE "users"."id" = ? ORDER BY "users"."id" ASC LIMIT ?[0m  [["id", 2], ["LIMIT", 1]]
  â†³ /home/ec2-user/.rvm/gems/ruby-2.6.3/gems/activerecord-5.2.6/lib/active_record/log_subscriber.rb:98
  [1m[36mBook Load (0.1ms)[0m  [1m[34mSELECT  "books".* FROM "books" WHERE "books"."id" = ? LIMIT ?[0m  [["id", 2], ["LIMIT", 1]]
  â†³ app/controllers/books_controller.rb:10
  [1m[36mUser Load (0.1ms)[0m  [1m[34mSELECT  "users".* FROM "users" WHERE "users"."id" = ? LIMIT ?[0m  [["id", 2], ["LIMIT", 1]]
  â†³ app/controllers/books_controller.rb:12
  Rendering books/show.html.erb within layouts/application
  Rendered books/_list.html.erb (4.2ms)
  [1m[36mFavorite Exists (0.2ms)[0m  [1m[34mSELECT  1 AS one FROM "favorites" WHERE "favorites"."book_id" = ? AND "favorites"."user_id" = ? LIMIT ?[0m  [["book_id", 2], ["user_id", 2], ["LIMIT", 1]]
  â†³ app/models/book.rb:9
  [1m[35m (0.1ms)[0m  [1m[34mSELECT COUNT(*) FROM "favorites" WHERE "favorites"."book_id" = ?[0m  [["book_id", 2]]
  â†³ app/views/favorites/_favorite-button.html.erb:10
  Rendered favorites/_favorite-button.html.erb (7.5ms)
  [1m[35m (0.1ms)[0m  [1m[34mSELECT COUNT(*) FROM "comments" WHERE "comments"."book_id" = ?[0m  [["book_id", 2]]
  â†³ app/views/books/show.html.erb:33
  [1m[36mComment Load (0.1ms)[0m  [1m[34mSELECT "comments".* FROM "comments" WHERE "comments"."book_id" = ?[0m  [["book_id", 2]]
  â†³ app/views/comments/_comment.html.erb:1
  Rendered comments/_comment.html.erb (3.1ms)
  Rendered books/show.html.erb within layouts/application (26.2ms)
Completed 200 OK in 153ms (Views: 146.6ms | ActiveRecord: 0.8ms)


Started POST "/books/2/favorites" for 118.106.138.63 at 2021-08-01 09:28:47 +0000
Cannot render console from 118.106.138.63! Allowed networks: 127.0.0.1, ::1, 127.0.0.0/127.255.255.255
Processing by FavoritesController#create as JS
  Parameters: {"book_id"=>"2"}
  [1m[36mUser Load (0.1ms)[0m  [1m[34mSELECT  "users".* FROM "users" WHERE "users"."id" = ? ORDER BY "users"."id" ASC LIMIT ?[0m  [["id", 2], ["LIMIT", 1]]
  â†³ /home/ec2-user/.rvm/gems/ruby-2.6.3/gems/activerecord-5.2.6/lib/active_record/log_subscriber.rb:98
  [1m[36mBook Load (0.1ms)[0m  [1m[34mSELECT  "books".* FROM "books" WHERE "books"."id" = ? LIMIT ?[0m  [["id", 2], ["LIMIT", 1]]
  â†³ app/controllers/favorites_controller.rb:5
  [1m[35m (0.0ms)[0m  [1m[36mbegin transaction[0m
  â†³ app/controllers/favorites_controller.rb:7
  [1m[36mBook Load (0.1ms)[0m  [1m[34mSELECT  "books".* FROM "books" WHERE "books"."id" = ? LIMIT ?[0m  [["id", 2], ["LIMIT", 1]]
  â†³ app/controllers/favorites_controller.rb:7
  [1m[36mFavorite Create (0.9ms)[0m  [1m[32mINSERT INTO "favorites" ("user_id", "book_id", "created_at", "updated_at") VALUES (?, ?, ?, ?)[0m  [["user_id", 2], ["book_id", 2], ["created_at", "2021-08-01 09:28:47.976535"], ["updated_at", "2021-08-01 09:28:47.976535"]]
  â†³ app/controllers/favorites_controller.rb:7
  [1m[35m (5.4ms)[0m  [1m[36mcommit transaction[0m
  â†³ app/controllers/favorites_controller.rb:7
  Rendering favorites/create.js.erb
  [1m[36mFavorite Exists (0.1ms)[0m  [1m[34mSELECT  1 AS one FROM "favorites" WHERE "favorites"."book_id" = ? AND "favorites"."user_id" = ? LIMIT ?[0m  [["book_id", 2], ["user_id", 2], ["LIMIT", 1]]
  â†³ app/models/book.rb:9
  [1m[35m (0.1ms)[0m  [1m[34mSELECT COUNT(*) FROM "favorites" WHERE "favorites"."book_id" = ?[0m  [["book_id", 2]]
  â†³ app/views/favorites/_favorite-button.html.erb:5
  Rendered favorites/_favorite-button.html.erb (5.9ms)
  Rendered favorites/create.js.erb (9.7ms)
Completed 200 OK in 35ms (Views: 15.9ms | ActiveRecord: 6.9ms)


Started POST "/books/2/comments" for 118.106.138.63 at 2021-08-01 09:28:53 +0000
Cannot render console from 118.106.138.63! Allowed networks: 127.0.0.1, ::1, 127.0.0.0/127.255.255.255
Processing by CommentsController#create as JS
  Parameters: {"utf8"=>"âœ“", "authenticity_token"=>"f+0iSbnEpRCDg7qOIInS1tv4W2SrCyYceqG08CESez+Ak6ff34OS8dlc7QHIvnO488C/NVMABBDfzJXMCmfsug==", "comment"=>{"comment"=>"ãƒ¤ãƒƒãƒ›ãƒ¼"}, "commit"=>"é€ä¿¡", "book_id"=>"2"}
  [1m[36mUser Load (0.1ms)[0m  [1m[34mSELECT  "users".* FROM "users" WHERE "users"."id" = ? ORDER BY "users"."id" ASC LIMIT ?[0m  [["id", 2], ["LIMIT", 1]]
  â†³ /home/ec2-user/.rvm/gems/ruby-2.6.3/gems/activerecord-5.2.6/lib/active_record/log_subscriber.rb:98
  [1m[36mBook Load (0.1ms)[0m  [1m[34mSELECT  "books".* FROM "books" WHERE "books"."id" = ? LIMIT ?[0m  [["id", 2], ["LIMIT", 1]]
  â†³ app/controllers/comments_controller.rb:4
  [1m[35m (0.0ms)[0m  [1m[36mbegin transaction[0m
  â†³ app/controllers/comments_controller.rb:7
  [1m[36mBook Load (0.1ms)[0m  [1m[34mSELECT  "books".* FROM "books" WHERE "books"."id" = ? LIMIT ?[0m  [["id", 2], ["LIMIT", 1]]
  â†³ app/controllers/comments_controller.rb:7
  [1m[36mComment Create (1.0ms)[0m  [1m[32mINSERT INTO "comments" ("comment", "user_id", "book_id", "created_at", "updated_at") VALUES (?, ?, ?, ?, ?)[0m  [["comment", "ãƒ¤ãƒƒãƒ›ãƒ¼"], ["user_id", 2], ["book_id", 2], ["created_at", "2021-08-01 09:28:53.692121"], ["updated_at", "2021-08-01 09:28:53.692121"]]
  â†³ app/controllers/comments_controller.rb:7
  [1m[35m (4.9ms)[0m  [1m[36mcommit transaction[0m
  â†³ app/controllers/comments_controller.rb:7
  Rendering comments/create.js.erb
  [1m[36mComment Load (0.1ms)[0m  [1m[34mSELECT "comments".* FROM "comments" WHERE "comments"."book_id" = ?[0m  [["book_id", 2]]
  â†³ app/views/comments/_comment.html.erb:1
  [1m[36mUser Load (0.1ms)[0m  [1m[34mSELECT  "users".* FROM "users" WHERE "users"."id" = ? LIMIT ?[0m  [["id", 2], ["LIMIT", 1]]
  â†³ app/views/comments/_comment.html.erb:3
  Rendered comments/_comment.html.erb (7.1ms)
  [1m[35m (0.1ms)[0m  [1m[34mSELECT COUNT(*) FROM "comments" WHERE "comments"."book_id" = ?[0m  [["book_id", 2]]
  â†³ app/views/comments/create.js.erb:3
  Rendered comments/create.js.erb (14.4ms)
Completed 200 OK in 39ms (Views: 20.6ms | ActiveRecord: 6.5ms)


Started GET "/books" for 118.106.138.63 at 2021-08-01 09:28:54 +0000
Cannot render console from 118.106.138.63! Allowed networks: 127.0.0.1, ::1, 127.0.0.0/127.255.255.255
Processing by BooksController#index as HTML
  [1m[36mUser Load (0.1ms)[0m  [1m[34mSELECT  "users".* FROM "users" WHERE "users"."id" = ? ORDER BY "users"."id" ASC LIMIT ?[0m  [["id", 2], ["LIMIT", 1]]
  â†³ /home/ec2-user/.rvm/gems/ruby-2.6.3/gems/activerecord-5.2.6/lib/active_record/log_subscriber.rb:98
  Rendering books/index.html.erb within layouts/application
  Rendered books/_list.html.erb (3.1ms)
  [1m[36mBook Load (0.1ms)[0m  [1m[34mSELECT "books".* FROM "books"[0m
  â†³ app/views/books/index.html.erb:33
  [1m[36mUser Load (0.1ms)[0m  [1m[34mSELECT  "users".* FROM "users" WHERE "users"."id" = ? LIMIT ?[0m  [["id", 1], ["LIMIT", 1]]
  â†³ app/views/books/index.html.erb:36
  [1m[36mFavorite Exists (0.1ms)[0m  [1m[34mSELECT  1 AS one FROM "favorites" WHERE "favorites"."book_id" = ? AND "favorites"."user_id" = ? LIMIT ?[0m  [["book_id", 1], ["user_id", 2], ["LIMIT", 1]]
  â†³ app/models/book.rb:9
  [1m[35m (0.1ms)[0m  [1m[34mSELECT COUNT(*) FROM "favorites" WHERE "favorites"."book_id" = ?[0m  [["book_id", 1]]
  â†³ app/views/favorites/_favorite2-button.html.erb:10
  Rendered favorites/_favorite2-button.html.erb (5.7ms)
  [1m[35m (0.1ms)[0m  [1m[34mSELECT COUNT(*) FROM "comments" WHERE "comments"."book_id" = ?[0m  [["book_id", 1]]
  â†³ app/views/books/index.html.erb:45
  [1m[36mUser Load (0.1ms)[0m  [1m[34mSELECT  "users".* FROM "users" WHERE "users"."id" = ? LIMIT ?[0m  [["id", 2], ["LIMIT", 1]]
  â†³ app/views/books/index.html.erb:36
  [1m[36mFavorite Exists (0.2ms)[0m  [1m[34mSELECT  1 AS one FROM "favorites" WHERE "favorites"."book_id" = ? AND "favorites"."user_id" = ? LIMIT ?[0m  [["book_id", 2], ["user_id", 2], ["LIMIT", 1]]
  â†³ app/models/book.rb:9
  [1m[35m (0.1ms)[0m  [1m[34mSELECT COUNT(*) FROM "favorites" WHERE "favorites"."book_id" = ?[0m  [["book_id", 2]]
  â†³ app/views/favorites/_favorite2-button.html.erb:5
  Rendered favorites/_favorite2-button.html.erb (4.7ms)
  [1m[35m (0.1ms)[0m  [1m[34mSELECT COUNT(*) FROM "comments" WHERE "comments"."book_id" = ?[0m  [["book_id", 2]]
  â†³ app/views/books/index.html.erb:45
  Rendered books/index.html.erb within layouts/application (27.5ms)
Completed 200 OK in 146ms (Views: 141.2ms | ActiveRecord: 1.2ms)


Started POST "/books/1/favorites?id=1" for 118.106.138.63 at 2021-08-01 09:28:57 +0000
Cannot render console from 118.106.138.63! Allowed networks: 127.0.0.1, ::1, 127.0.0.0/127.255.255.255
Processing by FavoritesController#create as JS
  Parameters: {"id"=>"1", "book_id"=>"1"}
  [1m[36mUser Load (0.1ms)[0m  [1m[34mSELECT  "users".* FROM "users" WHERE "users"."id" = ? ORDER BY "users"."id" ASC LIMIT ?[0m  [["id", 2], ["LIMIT", 1]]
  â†³ /home/ec2-user/.rvm/gems/ruby-2.6.3/gems/activerecord-5.2.6/lib/active_record/log_subscriber.rb:98
  [1m[36mBook Load (0.1ms)[0m  [1m[34mSELECT  "books".* FROM "books" WHERE "books"."id" = ? LIMIT ?[0m  [["id", 1], ["LIMIT", 1]]
  â†³ app/controllers/favorites_controller.rb:5
  [1m[35m (0.0ms)[0m  [1m[36mbegin transaction[0m
  â†³ app/controllers/favorites_controller.rb:7
  [1m[36mBook Load (0.1ms)[0m  [1m[34mSELECT  "books".* FROM "books" WHERE "books"."id" = ? LIMIT ?[0m  [["id", 1], ["LIMIT", 1]]
  â†³ app/controllers/favorites_controller.rb:7
  [1m[36mFavorite Create (1.1ms)[0m  [1m[32mINSERT INTO "favorites" ("user_id", "book_id", "created_at", "updated_at") VALUES (?, ?, ?, ?)[0m  [["user_id", 2], ["book_id", 1], ["created_at", "2021-08-01 09:28:57.312910"], ["updated_at", "2021-08-01 09:28:57.312910"]]
  â†³ app/controllers/favorites_controller.rb:7
  [1m[35m (4.8ms)[0m  [1m[36mcommit transaction[0m
  â†³ app/controllers/favorites_controller.rb:7
  Rendering favorites/create.js.erb
  [1m[36mFavorite Exists (0.1ms)[0m  [1m[34mSELECT  1 AS one FROM "favorites" WHERE "favorites"."book_id" = ? AND "favorites"."user_id" = ? LIMIT ?[0m  [["book_id", 1], ["user_id", 2], ["LIMIT", 1]]
  â†³ app/models/book.rb:9
  [1m[35m (0.2ms)[0m  [1m[34mSELECT COUNT(*) FROM "favorites" WHERE "favorites"."book_id" = ?[0m  [["book_id", 1]]
  â†³ app/views/favorites/_favorite-button.html.erb:5
  Rendered favorites/_favorite-button.html.erb (6.1ms)
  Rendered favorites/create.js.erb (10.3ms)
Completed 200 OK in 36ms (Views: 17.3ms | ActiveRecord: 6.5ms)


Started GET "/books/1" for 118.106.138.63 at 2021-08-01 09:28:59 +0000
Cannot render console from 118.106.138.63! Allowed networks: 127.0.0.1, ::1, 127.0.0.0/127.255.255.255
Processing by BooksController#show as HTML
  Parameters: {"id"=>"1"}
  [1m[36mUser Load (0.1ms)[0m  [1m[34mSELECT  "users".* FROM "users" WHERE "users"."id" = ? ORDER BY "users"."id" ASC LIMIT ?[0m  [["id", 2], ["LIMIT", 1]]
  â†³ /home/ec2-user/.rvm/gems/ruby-2.6.3/gems/activerecord-5.2.6/lib/active_record/log_subscriber.rb:98
  [1m[36mBook Load (0.1ms)[0m  [1m[34mSELECT  "books".* FROM "books" WHERE "books"."id" = ? LIMIT ?[0m  [["id", 1], ["LIMIT", 1]]
  â†³ app/controllers/books_controller.rb:10
  [1m[36mUser Load (0.1ms)[0m  [1m[34mSELECT  "users".* FROM "users" WHERE "users"."id" = ? LIMIT ?[0m  [["id", 1], ["LIMIT", 1]]
  â†³ app/controllers/books_controller.rb:12
  Rendering books/show.html.erb within layouts/application
  Rendered books/_list.html.erb (3.1ms)
  [1m[36mFavorite Exists (0.1ms)[0m  [1m[34mSELECT  1 AS one FROM "favorites" WHERE "favorites"."book_id" = ? AND "favorites"."user_id" = ? LIMIT ?[0m  [["book_id", 1], ["user_id", 2], ["LIMIT", 1]]
  â†³ app/models/book.rb:9
  [1m[35m (0.1ms)[0m  [1m[34mSELECT COUNT(*) FROM "favorites" WHERE "favorites"."book_id" = ?[0m  [["book_id", 1]]
  â†³ app/views/favorites/_favorite-button.html.erb:5
  Rendered favorites/_favorite-button.html.erb (6.5ms)
  [1m[35m (0.1ms)[0m  [1m[34mSELECT COUNT(*) FROM "comments" WHERE "comments"."book_id" = ?[0m  [["book_id", 1]]
  â†³ app/views/books/show.html.erb:33
  [1m[36mComment Load (0.1ms)[0m  [1m[34mSELECT "comments".* FROM "comments" WHERE "comments"."book_id" = ?[0m  [["book_id", 1]]
  â†³ app/views/comments/_comment.html.erb:1
  [1m[36mCACHE User Load (0.0ms)[0m  [1m[34mSELECT  "users".* FROM "users" WHERE "users"."id" = ? LIMIT ?[0m  [["id", 1], ["LIMIT", 1]]
  â†³ app/views/comments/_comment.html.erb:3
  [1m[36mCACHE User Load (0.0ms)[0m  [1m[34mSELECT  "users".* FROM "users" WHERE "users"."id" = ? LIMIT ?[0m  [["id", 1], ["LIMIT", 1]]
  â†³ app/views/comments/_comment.html.erb:3
  [1m[36mCACHE User Load (0.0ms)[0m  [1m[34mSELECT  "users".* FROM "users" WHERE "users"."id" = ? LIMIT ?[0m  [["id", 1], ["LIMIT", 1]]
  â†³ app/views/comments/_comment.html.erb:3
  Rendered comments/_comment.html.erb (9.6ms)
  Rendered books/show.html.erb within layouts/application (26.8ms)
Completed 200 OK in 200ms (Views: 192.6ms | ActiveRecord: 0.8ms)


Started POST "/books/1/comments" for 118.106.138.63 at 2021-08-01 09:29:04 +0000
Cannot render console from 118.106.138.63! Allowed networks: 127.0.0.1, ::1, 127.0.0.0/127.255.255.255
Processing by CommentsController#create as JS
  Parameters: {"utf8"=>"âœ“", "authenticity_token"=>"xc5tWfzI1Mt+AIgLvbZqtJ7xjBusDFUqLhcnox7ggaefRW4rKiif2YJNteUmpgzWcFlVv8I1GPu2lZUlyI9sog==", "comment"=>{"comment"=>"ã“ã‚“ã¡ã‚ƒã£ã™"}, "commit"=>"é€ä¿¡", "book_id"=>"1"}
  [1m[36mUser Load (0.1ms)[0m  [1m[34mSELECT  "users".* FROM "users" WHERE "users"."id" = ? ORDER BY "users"."id" ASC LIMIT ?[0m  [["id", 2], ["LIMIT", 1]]
  â†³ /home/ec2-user/.rvm/gems/ruby-2.6.3/gems/activerecord-5.2.6/lib/active_record/log_subscriber.rb:98
  [1m[36mBook Load (0.1ms)[0m  [1m[34mSELECT  "books".* FROM "books" WHERE "books"."id" = ? LIMIT ?[0m  [["id", 1], ["LIMIT", 1]]
  â†³ app/controllers/comments_controller.rb:4
  [1m[35m (0.1ms)[0m  [1m[36mbegin transaction[0m
  â†³ app/controllers/comments_controller.rb:7
  [1m[36mBook Load (0.1ms)[0m  [1m[34mSELECT  "books".* FROM "books" WHERE "books"."id" = ? LIMIT ?[0m  [["id", 1], ["LIMIT", 1]]
  â†³ app/controllers/comments_controller.rb:7
  [1m[36mComment Create (0.7ms)[0m  [1m[32mINSERT INTO "comments" ("comment", "user_id", "book_id", "created_at", "updated_at") VALUES (?, ?, ?, ?, ?)[0m  [["comment", "ã“ã‚“ã¡ã‚ƒã£ã™"], ["user_id", 2], ["book_id", 1], ["created_at", "2021-08-01 09:29:04.795975"], ["updated_at", "2021-08-01 09:29:04.795975"]]
  â†³ app/controllers/comments_controller.rb:7
  [1m[35m (5.3ms)[0m  [1m[36mcommit transaction[0m
  â†³ app/controllers/comments_controller.rb:7
  Rendering comments/create.js.erb
  [1m[36mComment Load (0.1ms)[0m  [1m[34mSELECT "comments".* FROM "comments" WHERE "comments"."book_id" = ?[0m  [["book_id", 1]]
  â†³ app/views/comments/_comment.html.erb:1
  [1m[36mUser Load (0.1ms)[0m  [1m[34mSELECT  "users".* FROM "users" WHERE "users"."id" = ? LIMIT ?[0m  [["id", 1], ["LIMIT", 1]]
  â†³ app/views/comments/_comment.html.erb:3
  [1m[36mCACHE User Load (0.0ms)[0m  [1m[34mSELECT  "users".* FROM "users" WHERE "users"."id" = ? LIMIT ?[0m  [["id", 1], ["LIMIT", 1]]
  â†³ app/views/comments/_comment.html.erb:3
  [1m[36mCACHE User Load (0.0ms)[0m  [1m[34mSELECT  "users".* FROM "users" WHERE "users"."id" = ? LIMIT ?[0m  [["id", 1], ["LIMIT", 1]]
  â†³ app/views/comments/_comment.html.erb:3
  [1m[36mUser Load (0.1ms)[0m  [1m[34mSELECT  "users".* FROM "users" WHERE "users"."id" = ? LIMIT ?[0m  [["id", 2], ["LIMIT", 1]]
  â†³ app/views/comments/_comment.html.erb:3
  Rendered comments/_comment.html.erb (22.3ms)
  [1m[35m (0.1ms)[0m  [1m[34mSELECT COUNT(*) FROM "comments" WHERE "comments"."book_id" = ?[0m  [["book_id", 1]]
  â†³ app/views/comments/create.js.erb:3
  Rendered comments/create.js.erb (28.6ms)
Completed 200 OK in 55ms (Views: 34.2ms | ActiveRecord: 6.8ms)


Started GET "/books" for 118.106.138.63 at 2021-08-01 09:29:08 +0000
Cannot render console from 118.106.138.63! Allowed networks: 127.0.0.1, ::1, 127.0.0.0/127.255.255.255
Processing by BooksController#index as HTML
  [1m[36mUser Load (0.1ms)[0m  [1m[34mSELECT  "users".* FROM "users" WHERE "users"."id" = ? ORDER BY "users"."id" ASC LIMIT ?[0m  [["id", 2], ["LIMIT", 1]]
  â†³ /home/ec2-user/.rvm/gems/ruby-2.6.3/gems/activerecord-5.2.6/lib/active_record/log_subscriber.rb:98
  Rendering books/index.html.erb within layouts/application
  Rendered books/_list.html.erb (3.1ms)
  [1m[36mBook Load (0.1ms)[0m  [1m[34mSELECT "books".* FROM "books"[0m
  â†³ app/views/books/index.html.erb:33
  [1m[36mUser Load (0.1ms)[0m  [1m[34mSELECT  "users".* FROM "users" WHERE "users"."id" = ? LIMIT ?[0m  [["id", 1], ["LIMIT", 1]]
  â†³ app/views/books/index.html.erb:36
  [1m[36mFavorite Exists (0.1ms)[0m  [1m[34mSELECT  1 AS one FROM "favorites" WHERE "favorites"."book_id" = ? AND "favorites"."user_id" = ? LIMIT ?[0m  [["book_id", 1], ["user_id", 2], ["LIMIT", 1]]
  â†³ app/models/book.rb:9
  [1m[35m (0.1ms)[0m  [1m[34mSELECT COUNT(*) FROM "favorites" WHERE "favorites"."book_id" = ?[0m  [["book_id", 1]]
  â†³ app/views/favorites/_favorite2-button.html.erb:5
  Rendered favorites/_favorite2-button.html.erb (6.9ms)
  [1m[35m (0.1ms)[0m  [1m[34mSELECT COUNT(*) FROM "comments" WHERE "comments"."book_id" = ?[0m  [["book_id", 1]]
  â†³ app/views/books/index.html.erb:45
  [1m[36mUser Load (0.1ms)[0m  [1m[34mSELECT  "users".* FROM "users" WHERE "users"."id" = ? LIMIT ?[0m  [["id", 2], ["LIMIT", 1]]
  â†³ app/views/books/index.html.erb:36
  [1m[36mFavorite Exists (0.1ms)[0m  [1m[34mSELECT  1 AS one FROM "favorites" WHERE "favorites"."book_id" = ? AND "favorites"."user_id" = ? LIMIT ?[0m  [["book_id", 2], ["user_id", 2], ["LIMIT", 1]]
  â†³ app/models/book.rb:9
  [1m[35m (0.1ms)[0m  [1m[34mSELECT COUNT(*) FROM "favorites" WHERE "favorites"."book_id" = ?[0m  [["book_id", 2]]
  â†³ app/views/favorites/_favorite2-button.html.erb:5
  Rendered favorites/_favorite2-button.html.erb (4.5ms)
  [1m[35m (0.1ms)[0m  [1m[34mSELECT COUNT(*) FROM "comments" WHERE "comments"."book_id" = ?[0m  [["book_id", 2]]
  â†³ app/views/books/index.html.erb:45
  Rendered books/index.html.erb within layouts/application (29.6ms)
Completed 200 OK in 145ms (Views: 140.8ms | ActiveRecord: 1.1ms)


Started GET "/users/2/edit" for 118.106.138.63 at 2021-08-01 09:29:11 +0000
Cannot render console from 118.106.138.63! Allowed networks: 127.0.0.1, ::1, 127.0.0.0/127.255.255.255
Processing by UsersController#edit as HTML
  Parameters: {"id"=>"2"}
  [1m[36mUser Load (0.1ms)[0m  [1m[34mSELECT  "users".* FROM "users" WHERE "users"."id" = ? ORDER BY "users"."id" ASC LIMIT ?[0m  [["id", 2], ["LIMIT", 1]]
  â†³ /home/ec2-user/.rvm/gems/ruby-2.6.3/gems/activerecord-5.2.6/lib/active_record/log_subscriber.rb:98
  [1m[36mUser Load (0.1ms)[0m  [1m[34mSELECT  "users".* FROM "users" WHERE "users"."id" = ? LIMIT ?[0m  [["id", 2], ["LIMIT", 1]]
  â†³ app/controllers/users_controller.rb:3
  Rendering users/edit.html.erb within layouts/application
  Rendered users/edit.html.erb within layouts/application (7.2ms)
Completed 200 OK in 126ms (Views: 121.2ms | ActiveRecord: 0.2ms)


Started GET "/books" for 118.106.138.63 at 2021-08-01 09:31:49 +0000
Cannot render console from 118.106.138.63! Allowed networks: 127.0.0.1, ::1, 127.0.0.0/127.255.255.255
Processing by BooksController#index as HTML
  [1m[36mUser Load (0.1ms)[0m  [1m[34mSELECT  "users".* FROM "users" WHERE "users"."id" = ? ORDER BY "users"."id" ASC LIMIT ?[0m  [["id", 2], ["LIMIT", 1]]
  â†³ /home/ec2-user/.rvm/gems/ruby-2.6.3/gems/activerecord-5.2.6/lib/active_record/log_subscriber.rb:98
  Rendering books/index.html.erb within layouts/application
  Rendered books/_list.html.erb (4.6ms)
  [1m[36mBook Load (0.1ms)[0m  [1m[34mSELECT "books".* FROM "books"[0m
  â†³ app/views/books/index.html.erb:33
  [1m[36mUser Load (0.1ms)[0m  [1m[34mSELECT  "users".* FROM "users" WHERE "users"."id" = ? LIMIT ?[0m  [["id", 1], ["LIMIT", 1]]
  â†³ app/views/books/index.html.erb:36
  [1m[36mFavorite Exists (0.1ms)[0m  [1m[34mSELECT  1 AS one FROM "favorites" WHERE "favorites"."book_id" = ? AND "favorites"."user_id" = ? LIMIT ?[0m  [["book_id", 1], ["user_id", 2], ["LIMIT", 1]]
  â†³ app/models/book.rb:9
  [1m[35m (0.1ms)[0m  [1m[34mSELECT COUNT(*) FROM "favorites" WHERE "favorites"."book_id" = ?[0m  [["book_id", 1]]
  â†³ app/views/favorites/_favorite2-button.html.erb:5
  Rendered favorites/_favorite2-button.html.erb (5.7ms)
  [1m[35m (0.1ms)[0m  [1m[34mSELECT COUNT(*) FROM "comments" WHERE "comments"."book_id" = ?[0m  [["book_id", 1]]
  â†³ app/views/books/index.html.erb:45
  [1m[36mUser Load (0.1ms)[0m  [1m[34mSELECT  "users".* FROM "users" WHERE "users"."id" = ? LIMIT ?[0m  [["id", 2], ["LIMIT", 1]]
  â†³ app/views/books/index.html.erb:36
  [1m[36mFavorite Exists (0.1ms)[0m  [1m[34mSELECT  1 AS one FROM "favorites" WHERE "favorites"."book_id" = ? AND "favorites"."user_id" = ? LIMIT ?[0m  [["book_id", 2], ["user_id", 2], ["LIMIT", 1]]
  â†³ app/models/book.rb:9
  [1m[35m (0.1ms)[0m  [1m[34mSELECT COUNT(*) FROM "favorites" WHERE "favorites"."book_id" = ?[0m  [["book_id", 2]]
  â†³ app/views/favorites/_favorite2-button.html.erb:5
  Rendered favorites/_favorite2-button.html.erb (4.6ms)
  [1m[35m (0.1ms)[0m  [1m[34mSELECT COUNT(*) FROM "comments" WHERE "comments"."book_id" = ?[0m  [["book_id", 2]]
  â†³ app/views/books/index.html.erb:45
  Rendered books/index.html.erb within layouts/application (29.5ms)
Completed 200 OK in 124ms (Views: 120.7ms | ActiveRecord: 1.1ms)


Started GET "/users" for 118.106.138.63 at 2021-08-01 09:31:50 +0000
Cannot render console from 118.106.138.63! Allowed networks: 127.0.0.1, ::1, 127.0.0.0/127.255.255.255
Processing by UsersController#index as HTML
  [1m[36mUser Load (1.4ms)[0m  [1m[34mSELECT  "users".* FROM "users" WHERE "users"."id" = ? ORDER BY "users"."id" ASC LIMIT ?[0m  [["id", 2], ["LIMIT", 1]]
  â†³ /home/ec2-user/.rvm/gems/ruby-2.6.3/gems/activerecord-5.2.6/lib/active_record/log_subscriber.rb:98
  Rendering users/index.html.erb within layouts/application
  [1m[35m (2.8ms)[0m  [1m[34mSELECT COUNT(*) FROM "users" INNER JOIN "relationships" ON "users"."id" = "relationships"."followed_id" WHERE "relationships"."follower_id" = ?[0m  [["follower_id", 2]]
  â†³ app/views/users/index.html.erb:19
  [1m[35m (0.1ms)[0m  [1m[34mSELECT COUNT(*) FROM "users" INNER JOIN "relationships" ON "users"."id" = "relationships"."follower_id" WHERE "relationships"."followed_id" = ?[0m  [["followed_id", 2]]
  â†³ app/views/users/index.html.erb:23
  [1m[36mUser Load (0.1ms)[0m  [1m[34mSELECT "users".* FROM "users"[0m
  â†³ app/views/users/index.html.erb:54
  [1m[35m (0.1ms)[0m  [1m[34mSELECT COUNT(*) FROM "users" INNER JOIN "relationships" ON "users"."id" = "relationships"."followed_id" WHERE "relationships"."follower_id" = ?[0m  [["follower_id", 1]]
  â†³ app/views/users/index.html.erb:60
  [1m[35m (0.1ms)[0m  [1m[34mSELECT COUNT(*) FROM "users" INNER JOIN "relationships" ON "users"."id" = "relationships"."follower_id" WHERE "relationships"."followed_id" = ?[0m  [["followed_id", 1]]
  â†³ app/views/users/index.html.erb:61
  [1m[36mUser Exists (0.1ms)[0m  [1m[34mSELECT  1 AS one FROM "users" INNER JOIN "relationships" ON "users"."id" = "relationships"."followed_id" WHERE "relationships"."follower_id" = ? AND "users"."id" = ? LIMIT ?[0m  [["follower_id", 2], ["id", 1], ["LIMIT", 1]]
  â†³ app/models/user.rb:34
  [1m[35mCACHE  (0.0ms)[0m  [1m[34mSELECT COUNT(*) FROM "users" INNER JOIN "relationships" ON "users"."id" = "relationships"."followed_id" WHERE "relationships"."follower_id" = ?[0m  [["follower_id", 2]]
  â†³ app/views/users/index.html.erb:60
  [1m[35mCACHE  (0.0ms)[0m  [1m[34mSELECT COUNT(*) FROM "users" INNER JOIN "relationships" ON "users"."id" = "relationships"."follower_id" WHERE "relationships"."followed_id" = ?[0m  [["followed_id", 2]]
  â†³ app/views/users/index.html.erb:61
  Rendered users/index.html.erb within layouts/application (27.8ms)
Completed 200 OK in 144ms (Views: 136.2ms | ActiveRecord: 4.8ms)


Started POST "/users/1/relationships?id=1" for 118.106.138.63 at 2021-08-01 09:31:53 +0000
Cannot render console from 118.106.138.63! Allowed networks: 127.0.0.1, ::1, 127.0.0.0/127.255.255.255
Processing by RelationshipsController#create as HTML
  Parameters: {"authenticity_token"=>"IiJUL4E0ZLofp5KFbW6VdrsvZvOycrT04zrjbZw2T9TdXNG553NTW0V4xQqFWTQYkxeCokp5lvhGV8JRt0PYUQ==", "id"=>"1", "user_id"=>"1"}
  [1m[36mUser Load (0.1ms)[0m  [1m[34mSELECT  "users".* FROM "users" WHERE "users"."id" = ? ORDER BY "users"."id" ASC LIMIT ?[0m  [["id", 2], ["LIMIT", 1]]
  â†³ /home/ec2-user/.rvm/gems/ruby-2.6.3/gems/activerecord-5.2.6/lib/active_record/log_subscriber.rb:98
  [1m[35m (0.0ms)[0m  [1m[36mbegin transaction[0m
  â†³ app/models/user.rb:26
  [1m[36mUser Load (0.1ms)[0m  [1m[34mSELECT  "users".* FROM "users" WHERE "users"."id" = ? LIMIT ?[0m  [["id", 2], ["LIMIT", 1]]
  â†³ app/models/user.rb:26
  [1m[36mUser Load (0.1ms)[0m  [1m[34mSELECT  "users".* FROM "users" WHERE "users"."id" = ? LIMIT ?[0m  [["id", 1], ["LIMIT", 1]]
  â†³ app/models/user.rb:26
  [1m[36mRelationship Create (1.4ms)[0m  [1m[32mINSERT INTO "relationships" ("follower_id", "followed_id", "created_at", "updated_at") VALUES (?, ?, ?, ?)[0m  [["follower_id", 2], ["followed_id", 1], ["created_at", "2021-08-01 09:31:53.510829"], ["updated_at", "2021-08-01 09:31:53.510829"]]
  â†³ app/models/user.rb:26
  [1m[35m (6.1ms)[0m  [1m[36mcommit transaction[0m
  â†³ app/models/user.rb:26
Redirected to https://c72a415c1427481397990dea033441ed.vfs.cloud9.us-east-1.amazonaws.com/users
Completed 302 Found in 30ms (ActiveRecord: 8.3ms)


Started GET "/users" for 118.106.138.63 at 2021-08-01 09:31:53 +0000
Cannot render console from 118.106.138.63! Allowed networks: 127.0.0.1, ::1, 127.0.0.0/127.255.255.255
Processing by UsersController#index as HTML
  [1m[36mUser Load (0.1ms)[0m  [1m[34mSELECT  "users".* FROM "users" WHERE "users"."id" = ? ORDER BY "users"."id" ASC LIMIT ?[0m  [["id", 2], ["LIMIT", 1]]
  â†³ /home/ec2-user/.rvm/gems/ruby-2.6.3/gems/activerecord-5.2.6/lib/active_record/log_subscriber.rb:98
  Rendering users/index.html.erb within layouts/application
  [1m[35m (0.2ms)[0m  [1m[34mSELECT COUNT(*) FROM "users" INNER JOIN "relationships" ON "users"."id" = "relationships"."followed_id" WHERE "relationships"."follower_id" = ?[0m  [["follower_id", 2]]
  â†³ app/views/users/index.html.erb:19
  [1m[35m (0.1ms)[0m  [1m[34mSELECT COUNT(*) FROM "users" INNER JOIN "relationships" ON "users"."id" = "relationships"."follower_id" WHERE "relationships"."followed_id" = ?[0m  [["followed_id", 2]]
  â†³ app/views/users/index.html.erb:23
  [1m[36mUser Load (0.1ms)[0m  [1m[34mSELECT "users".* FROM "users"[0m
  â†³ app/views/users/index.html.erb:54
  [1m[35m (0.1ms)[0m  [1m[34mSELECT COUNT(*) FROM "users" INNER JOIN "relationships" ON "users"."id" = "relationships"."followed_id" WHERE "relationships"."follower_id" = ?[0m  [["follower_id", 1]]
  â†³ app/views/users/index.html.erb:60
  [1m[35m (0.1ms)[0m  [1m[34mSELECT COUNT(*) FROM "users" INNER JOIN "relationships" ON "users"."id" = "relationships"."follower_id" WHERE "relationships"."followed_id" = ?[0m  [["followed_id", 1]]
  â†³ app/views/users/index.html.erb:61
  [1m[36mUser Exists (0.1ms)[0m  [1m[34mSELECT  1 AS one FROM "users" INNER JOIN "relationships" ON "users"."id" = "relationships"."followed_id" WHERE "relationships"."follower_id" = ? AND "users"."id" = ? LIMIT ?[0m  [["follower_id", 2], ["id", 1], ["LIMIT", 1]]
  â†³ app/models/user.rb:34
  [1m[35mCACHE  (0.0ms)[0m  [1m[34mSELECT COUNT(*) FROM "users" INNER JOIN "relationships" ON "users"."id" = "relationships"."followed_id" WHERE "relationships"."follower_id" = ?[0m  [["follower_id", 2]]
  â†³ app/views/users/index.html.erb:60
  [1m[35mCACHE  (0.0ms)[0m  [1m[34mSELECT COUNT(*) FROM "users" INNER JOIN "relationships" ON "users"."id" = "relationships"."follower_id" WHERE "relationships"."followed_id" = ?[0m  [["followed_id", 2]]
  â†³ app/views/users/index.html.erb:61
  Rendered users/index.html.erb within layouts/application (25.9ms)
Completed 200 OK in 135ms (Views: 130.9ms | ActiveRecord: 0.9ms)


Started GET "/users/2/followings" for 118.106.138.63 at 2021-08-01 09:31:56 +0000
Cannot render console from 118.106.138.63! Allowed networks: 127.0.0.1, ::1, 127.0.0.0/127.255.255.255
Processing by RelationshipsController#followings as HTML
  Parameters: {"user_id"=>"2"}
  [1m[36mUser Load (0.1ms)[0m  [1m[34mSELECT  "users".* FROM "users" WHERE "users"."id" = ? ORDER BY "users"."id" ASC LIMIT ?[0m  [["id", 2], ["LIMIT", 1]]
  â†³ /home/ec2-user/.rvm/gems/ruby-2.6.3/gems/activerecord-5.2.6/lib/active_record/log_subscriber.rb:98
  [1m[36mUser Load (0.1ms)[0m  [1m[34mSELECT  "users".* FROM "users" WHERE "users"."id" = ? LIMIT ?[0m  [["id", 2], ["LIMIT", 1]]
  â†³ app/controllers/relationships_controller.rb:13
  Rendering relationships/followings.html.erb within layouts/application
  [1m[36mUser Load (0.2ms)[0m  [1m[34mSELECT "users".* FROM "users" INNER JOIN "relationships" ON "users"."id" = "relationships"."followed_id" WHERE "relationships"."follower_id" = ?[0m  [["follower_id", 2]]
  â†³ app/views/relationships/followings.html.erb:12
  [1m[35m (0.1ms)[0m  [1m[34mSELECT COUNT(*) FROM "users" INNER JOIN "relationships" ON "users"."id" = "relationships"."followed_id" WHERE "relationships"."follower_id" = ?[0m  [["follower_id", 1]]
  â†³ app/views/relationships/followings.html.erb:17
  [1m[35m (0.1ms)[0m  [1m[34mSELECT COUNT(*) FROM "users" INNER JOIN "relationships" ON "users"."id" = "relationships"."follower_id" WHERE "relationships"."followed_id" = ?[0m  [["followed_id", 1]]
  â†³ app/views/relationships/followings.html.erb:18
  Rendered relationships/followings.html.erb within layouts/application (13.5ms)
Completed 200 OK in 115ms (Views: 109.7ms | ActiveRecord: 0.6ms)


Started DELETE "/users/1/relationships/1" for 118.106.138.63 at 2021-08-01 09:32:00 +0000
Cannot render console from 118.106.138.63! Allowed networks: 127.0.0.1, ::1, 127.0.0.0/127.255.255.255
Processing by RelationshipsController#destroy as HTML
  Parameters: {"authenticity_token"=>"eaqulBhgyIeRbkxNgZb6DB1xy0PnzUld7WfAGtZ1WByG1CsCfif/ZsuxG8JpoVtiNUkvEh/Ga1FICuEm/QDPmQ==", "user_id"=>"1", "id"=>"1"}
  [1m[36mUser Load (0.1ms)[0m  [1m[34mSELECT  "users".* FROM "users" WHERE "users"."id" = ? ORDER BY "users"."id" ASC LIMIT ?[0m  [["id", 2], ["LIMIT", 1]]
  â†³ /home/ec2-user/.rvm/gems/ruby-2.6.3/gems/activerecord-5.2.6/lib/active_record/log_subscriber.rb:98
  [1m[36mRelationship Load (0.1ms)[0m  [1m[34mSELECT  "relationships".* FROM "relationships" WHERE "relationships"."follower_id" = ? AND "relationships"."followed_id" = ? LIMIT ?[0m  [["follower_id", 2], ["followed_id", 1], ["LIMIT", 1]]
  â†³ app/models/user.rb:30
  [1m[35m (0.0ms)[0m  [1m[36mbegin transaction[0m
  â†³ app/models/user.rb:30
  [1m[36mRelationship Destroy (0.7ms)[0m  [1m[31mDELETE FROM "relationships" WHERE "relationships"."id" = ?[0m  [["id", 1]]
  â†³ app/models/user.rb:30
  [1m[35m (7.1ms)[0m  [1m[36mcommit transaction[0m
  â†³ app/models/user.rb:30
Redirected to https://c72a415c1427481397990dea033441ed.vfs.cloud9.us-east-1.amazonaws.com/users
Completed 302 Found in 16ms (ActiveRecord: 8.0ms)


Started GET "/users" for 118.106.138.63 at 2021-08-01 09:32:00 +0000
Cannot render console from 118.106.138.63! Allowed networks: 127.0.0.1, ::1, 127.0.0.0/127.255.255.255
Processing by UsersController#index as HTML
  [1m[36mUser Load (0.1ms)[0m  [1m[34mSELECT  "users".* FROM "users" WHERE "users"."id" = ? ORDER BY "users"."id" ASC LIMIT ?[0m  [["id", 2], ["LIMIT", 1]]
  â†³ /home/ec2-user/.rvm/gems/ruby-2.6.3/gems/activerecord-5.2.6/lib/active_record/log_subscriber.rb:98
  Rendering users/index.html.erb within layouts/application
  [1m[35m (0.2ms)[0m  [1m[34mSELECT COUNT(*) FROM "users" INNER JOIN "relationships" ON "users"."id" = "relationships"."followed_id" WHERE "relationships"."follower_id" = ?[0m  [["follower_id", 2]]
  â†³ app/views/users/index.html.erb:19
  [1m[35m (0.1ms)[0m  [1m[34mSELECT COUNT(*) FROM "users" INNER JOIN "relationships" ON "users"."id" = "relationships"."follower_id" WHERE "relationships"."followed_id" = ?[0m  [["followed_id", 2]]
  â†³ app/views/users/index.html.erb:23
  [1m[36mUser Load (0.1ms)[0m  [1m[34mSELECT "users".* FROM "users"[0m
  â†³ app/views/users/index.html.erb:54
  [1m[35m (0.1ms)[0m  [1m[34mSELECT COUNT(*) FROM "users" INNER JOIN "relationships" ON "users"."id" = "relationships"."followed_id" WHERE "relationships"."follower_id" = ?[0m  [["follower_id", 1]]
  â†³ app/views/users/index.html.erb:60
  [1m[35m (0.1ms)[0m  [1m[34mSELECT COUNT(*) FROM "users" INNER JOIN "relationships" ON "users"."id" = "relationships"."follower_id" WHERE "relationships"."followed_id" = ?[0m  [["followed_id", 1]]
  â†³ app/views/users/index.html.erb:61
  [1m[36mUser Exists (0.1ms)[0m  [1m[34mSELECT  1 AS one FROM "users" INNER JOIN "relationships" ON "users"."id" = "relationships"."followed_id" WHERE "relationships"."follower_id" = ? AND "users"."id" = ? LIMIT ?[0m  [["follower_id", 2], ["id", 1], ["LIMIT", 1]]
  â†³ app/models/user.rb:34
  [1m[35mCACHE  (0.0ms)[0m  [1m[34mSELECT COUNT(*) FROM "users" INNER JOIN "relationships" ON "users"."id" = "relationships"."followed_id" WHERE "relationships"."follower_id" = ?[0m  [["follower_id", 2]]
  â†³ app/views/users/index.html.erb:60
  [1m[35mCACHE  (0.0ms)[0m  [1m[34mSELECT COUNT(*) FROM "users" INNER JOIN "relationships" ON "users"."id" = "relationships"."follower_id" WHERE "relationships"."followed_id" = ?[0m  [["followed_id", 2]]
  â†³ app/views/users/index.html.erb:61
  Rendered users/index.html.erb within layouts/application (27.4ms)
Completed 200 OK in 135ms (Views: 131.2ms | ActiveRecord: 0.9ms)


